Added Component: Designator=C4(0805)
Added Component: Designator=C5(0805)
Added Component: Designator=R1(0805)
Added Component: Designator=R2(0805)
Added Component: Designator=R3(0805)
Added Component: Designator=R4(0805)
Added Component: Designator=R5(0805)
Added Component: Designator=R6(0805)
Added Component: Designator=U1(TCRT5000 Droit)
Added Component: Designator=U2(TCRT5000 Droit)
Added Component: Designator=U3(BC817-40)
Added Component: Designator=U4(BC817-40)
Added Component: Designator=U5(BC817-40)
Added Component: Designator=U6(BC817-40)
Added Pin To Net: NetName=GND Pin=C4-2
Added Pin To Net: NetName=GND Pin=C5-2
Added Pin To Net: NetName=GND Pin=R4-1
Added Pin To Net: NetName=GND Pin=R6-1
Added Pin To Net: NetName=GND Pin=U1-3
Added Pin To Net: NetName=GND Pin=U2-3
Added Pin To Net: NetName=GND Pin=U5-2
Added Pin To Net: NetName=GND Pin=U6-2
Added Net: Name=GND
Added Pin To Net: NetName=LEFTLINESENSOR_COMMANDE Pin=R5-1
Added Net: Name=LEFTLINESENSOR_COMMANDE
Added Pin To Net: NetName=LEFTLINESENSOR Pin=C4-1
Added Pin To Net: NetName=LEFTLINESENSOR Pin=R1-1
Added Pin To Net: NetName=LEFTLINESENSOR Pin=U1-1
Added Net: Name=LEFTLINESENSOR
Added Net: Name=NetLD1_A
Added Pin To Net: NetName=NetR3_2 Pin=R3-2
Added Pin To Net: NetName=NetR3_2 Pin=U4-1
Added Pin To Net: NetName=NetR3_2 Pin=U6-3
Added Net: Name=NetR3_2
Added Pin To Net: NetName=NetR4_2 Pin=R4-2
Added Pin To Net: NetName=NetR4_2 Pin=U4-2
Added Pin To Net: NetName=NetR4_2 Pin=U6-1
Added Net: Name=NetR4_2
Added Pin To Net: NetName=NetR5_2 Pin=R5-2
Added Pin To Net: NetName=NetR5_2 Pin=U3-1
Added Pin To Net: NetName=NetR5_2 Pin=U5-3
Added Net: Name=NetR5_2
Added Pin To Net: NetName=NetR6_2 Pin=R6-2
Added Pin To Net: NetName=NetR6_2 Pin=U3-2
Added Pin To Net: NetName=NetR6_2 Pin=U5-1
Added Net: Name=NetR6_2
Added Pin To Net: NetName=NetU1_4 Pin=U1-4
Added Pin To Net: NetName=NetU1_4 Pin=U3-3
Added Net: Name=NetU1_4
Added Pin To Net: NetName=NetU2_4 Pin=U2-4
Added Pin To Net: NetName=NetU2_4 Pin=U4-3
Added Net: Name=NetU2_4
Added Pin To Net: NetName=RIGHTLINESENSOR_COMMANDE Pin=R3-1
Added Net: Name=RIGHTLINESENSOR_COMMANDE
Added Pin To Net: NetName=RIGHTLINESENSOR Pin=C5-1
Added Pin To Net: NetName=RIGHTLINESENSOR Pin=R2-1
Added Pin To Net: NetName=RIGHTLINESENSOR Pin=U2-1
Added Net: Name=RIGHTLINESENSOR
Added Pin To Net: NetName=VCC5V Pin=R1-2
Added Pin To Net: NetName=VCC5V Pin=R2-2
Added Pin To Net: NetName=VCC5V Pin=U1-2
Added Pin To Net: NetName=VCC5V Pin=U2-2
Added Net: Name=VCC5V
Added Class: Name=CarteCapteurAvant3
Added Room: Name=CarteCapteurAvant3
