Change Component Designator: Old Designator=Alim New Designator=Alim?
Change Component Designator: Old Designator=Analog New Designator=Analog?
Change Component Designator: Old Designator=C1 New Designator=C?
Change Component Designator: Old Designator=C2 New Designator=C?
Change Component Designator: Old Designator=C3 New Designator=C?
Change Component Designator: Old Designator=C4 New Designator=C?
Change Component Designator: Old Designator=C5 New Designator=C?
Change Component Designator: Old Designator=C6 New Designator=C?
Change Component Designator: Old Designator=Digital New Designator=Digital?
Change Component Designator: Old Designator=infrared1 New Designator=infrared?
Change Component Designator: Old Designator=infrared2 New Designator=infrared?
Change Component Designator: Old Designator=infrared3 New Designator=infrared?
Change Component Designator: Old Designator=infrared4 New Designator=infrared?
Change Component Designator: Old Designator=infrared5 New Designator=infrared?
Change Component Designator: Old Designator=infrared5 New Designator=infrared?
Change Component Designator: Old Designator=infrared6 New Designator=infrared?
Change Component Designator: Old Designator=LedRgbWs2812b1 New Designator=LedRgbWs?
Change Component Designator: Old Designator=LedRgbWs2812b2 New Designator=LedRgbWs?
Change Component Designator: Old Designator=LedRgbWs2812b3 New Designator=LedRgbWs?
Change Component Designator: Old Designator=LedRgbWs2812b4 New Designator=LedRgbWs?
Change Component Designator: Old Designator=LedRgbWs2812b5 New Designator=LedRgbWs?
Change Component Designator: Old Designator=LedRgbWs2812b6 New Designator=LedRgbWs?
Change Component Designator: Old Designator=LedRgbWs2812b7 New Designator=LedRgbWs?
Change Component Designator: Old Designator=LedRgbWs2812b8 New Designator=LedRgbWs?
Change Component Designator: Old Designator=LedRgbWs2812b9 New Designator=LedRgbWs?
Change Component Designator: Old Designator=LedRgbWs2812b10 New Designator=LedRgbWs?
Change Component Designator: Old Designator=Q1 New Designator=Q?
Change Component Designator: Old Designator=Q2 New Designator=Q?
Change Component Designator: Old Designator=Q3 New Designator=Q?
Change Component Designator: Old Designator=Q4 New Designator=Q?
Change Component Designator: Old Designator=Q5 New Designator=Q?
Change Component Designator: Old Designator=Q6 New Designator=Q?
Change Component Designator: Old Designator=Q7 New Designator=Q?
Change Component Designator: Old Designator=Q8 New Designator=Q?
Change Component Designator: Old Designator=Q8 New Designator=Q?
Change Component Designator: Old Designator=Q9 New Designator=Q?
Change Component Designator: Old Designator=Q9 New Designator=Q?
Change Component Designator: Old Designator=Q10 New Designator=Q?
Change Component Designator: Old Designator=Q10 New Designator=Q?
Change Component Designator: Old Designator=Q11 New Designator=Q?
Change Component Designator: Old Designator=R1 New Designator=R?
Change Component Designator: Old Designator=R2 New Designator=R?
Change Component Designator: Old Designator=R3 New Designator=R?
Change Component Designator: Old Designator=R4 New Designator=R?
Change Component Designator: Old Designator=R5 New Designator=R?
Change Component Designator: Old Designator=R6 New Designator=R?
Change Component Designator: Old Designator=R7 New Designator=R?
Change Component Designator: Old Designator=R8 New Designator=R?
Change Component Designator: Old Designator=R9 New Designator=R?
Change Component Designator: Old Designator=R10 New Designator=R?
Change Component Designator: Old Designator=R11 New Designator=R?
Change Component Designator: Old Designator=R11 New Designator=R?
Change Component Designator: Old Designator=R12 New Designator=R?
Change Component Designator: Old Designator=R12 New Designator=R?
Change Component Designator: Old Designator=R13 New Designator=R?
Change Component Designator: Old Designator=R13 New Designator=R?
Change Component Designator: Old Designator=R14 New Designator=R?
Change Component Designator: Old Designator=R14 New Designator=R?
Change Component Designator: Old Designator=R15 New Designator=R?
Change Component Designator: Old Designator=R15 New Designator=R?
Change Component Designator: Old Designator=R16 New Designator=R?
