Change Component Designator: Old Designator=Alim? New Designator=Alim1
Change Component Designator: Old Designator=Analog? New Designator=Analog1
Change Component Designator: Old Designator=C? New Designator=C15
Change Component Designator: Old Designator=C? New Designator=C16
Change Component Designator: Old Designator=C? New Designator=C17
Change Component Designator: Old Designator=C? New Designator=C18
Change Component Designator: Old Designator=C? New Designator=C19
Change Component Designator: Old Designator=C? New Designator=C20
Change Component Designator: Old Designator=Digital? New Designator=Digital1
Change Component Designator: Old Designator=infrared? New Designator=infrared1
Change Component Designator: Old Designator=infrared? New Designator=infrared2
Change Component Designator: Old Designator=infrared? New Designator=infrared3
Change Component Designator: Old Designator=infrared? New Designator=infrared4
Change Component Designator: Old Designator=infrared? New Designator=infrared5
Change Component Designator: Old Designator=infrared? New Designator=infrared6
Change Component Designator: Old Designator=infrared? New Designator=infrared7
Change Component Designator: Old Designator=LedRgbWs? New Designator=LedRgbWs1
Change Component Designator: Old Designator=LedRgbWs? New Designator=LedRgbWs2
Change Component Designator: Old Designator=LedRgbWs? New Designator=LedRgbWs3
Change Component Designator: Old Designator=LedRgbWs? New Designator=LedRgbWs4
Change Component Designator: Old Designator=LedRgbWs? New Designator=LedRgbWs5
Change Component Designator: Old Designator=LedRgbWs? New Designator=LedRgbWs6
Change Component Designator: Old Designator=LedRgbWs? New Designator=LedRgbWs7
Change Component Designator: Old Designator=LedRgbWs? New Designator=LedRgbWs8
Change Component Designator: Old Designator=LedRgbWs? New Designator=LedRgbWs9
Change Component Designator: Old Designator=LedRgbWs? New Designator=LedRgbWs10
Change Component Designator: Old Designator=Q? New Designator=Q1
Change Component Designator: Old Designator=Q? New Designator=Q2
Change Component Designator: Old Designator=Q? New Designator=Q3
Change Component Designator: Old Designator=Q? New Designator=Q4
Change Component Designator: Old Designator=Q? New Designator=Q5
Change Component Designator: Old Designator=Q? New Designator=Q6
Change Component Designator: Old Designator=Q? New Designator=Q7
Change Component Designator: Old Designator=Q? New Designator=Q8
Change Component Designator: Old Designator=Q? New Designator=Q9
Change Component Designator: Old Designator=Q? New Designator=Q10
Change Component Designator: Old Designator=Q? New Designator=Q11
Change Component Designator: Old Designator=Q? New Designator=Q12
Change Component Designator: Old Designator=Q? New Designator=Q13
Change Component Designator: Old Designator=Q? New Designator=Q14
Change Component Designator: Old Designator=R? New Designator=R14
Change Component Designator: Old Designator=R? New Designator=R15
Change Component Designator: Old Designator=R? New Designator=R16
Change Component Designator: Old Designator=R? New Designator=R17
Change Component Designator: Old Designator=R? New Designator=R18
Change Component Designator: Old Designator=R? New Designator=R19
Change Component Designator: Old Designator=R? New Designator=R20
Change Component Designator: Old Designator=R? New Designator=R21
Change Component Designator: Old Designator=R? New Designator=R22
Change Component Designator: Old Designator=R? New Designator=R23
Change Component Designator: Old Designator=R? New Designator=R24
Change Component Designator: Old Designator=R? New Designator=R25
Change Component Designator: Old Designator=R? New Designator=R26
Change Component Designator: Old Designator=R? New Designator=R27
Change Component Designator: Old Designator=R? New Designator=R28
Change Component Designator: Old Designator=R? New Designator=R29
Change Component Designator: Old Designator=R? New Designator=R30
Change Component Designator: Old Designator=R? New Designator=R31
Change Component Designator: Old Designator=R? New Designator=R32
Change Component Designator: Old Designator=R? New Designator=R33
Change Component Designator: Old Designator=R? New Designator=R34
