Change Component Designator: Old Designator=Alim1 New Designator=Alim?
Change Component Designator: Old Designator=Analog1 New Designator=Analog?
Change Component Designator: Old Designator=C15 New Designator=C?
Change Component Designator: Old Designator=C16 New Designator=C?
Change Component Designator: Old Designator=C17 New Designator=C?
Change Component Designator: Old Designator=C18 New Designator=C?
Change Component Designator: Old Designator=C19 New Designator=C?
Change Component Designator: Old Designator=C20 New Designator=C?
Change Component Designator: Old Designator=Digital1 New Designator=Digital?
Change Component Designator: Old Designator=infrared1 New Designator=infrared?
Change Component Designator: Old Designator=infrared2 New Designator=infrared?
Change Component Designator: Old Designator=infrared3 New Designator=infrared?
Change Component Designator: Old Designator=infrared4 New Designator=infrared?
Change Component Designator: Old Designator=infrared5 New Designator=infrared?
Change Component Designator: Old Designator=infrared6 New Designator=infrared?
Change Component Designator: Old Designator=infrared7 New Designator=infrared?
Change Component Designator: Old Designator=LedRgbWs1 New Designator=LedRgbWs?
Change Component Designator: Old Designator=LedRgbWs2 New Designator=LedRgbWs?
Change Component Designator: Old Designator=LedRgbWs3 New Designator=LedRgbWs?
Change Component Designator: Old Designator=LedRgbWs4 New Designator=LedRgbWs?
Change Component Designator: Old Designator=LedRgbWs5 New Designator=LedRgbWs?
Change Component Designator: Old Designator=LedRgbWs6 New Designator=LedRgbWs?
Change Component Designator: Old Designator=LedRgbWs7 New Designator=LedRgbWs?
Change Component Designator: Old Designator=LedRgbWs8 New Designator=LedRgbWs?
Change Component Designator: Old Designator=LedRgbWs9 New Designator=LedRgbWs?
Change Component Designator: Old Designator=LedRgbWs10 New Designator=LedRgbWs?
Change Component Designator: Old Designator=Q1 New Designator=Q?
Change Component Designator: Old Designator=Q2 New Designator=Q?
Change Component Designator: Old Designator=Q3 New Designator=Q?
Change Component Designator: Old Designator=Q4 New Designator=Q?
Change Component Designator: Old Designator=Q5 New Designator=Q?
Change Component Designator: Old Designator=Q6 New Designator=Q?
Change Component Designator: Old Designator=Q7 New Designator=Q?
Change Component Designator: Old Designator=Q8 New Designator=Q?
Change Component Designator: Old Designator=Q9 New Designator=Q?
Change Component Designator: Old Designator=Q10 New Designator=Q?
Change Component Designator: Old Designator=Q11 New Designator=Q?
Change Component Designator: Old Designator=Q12 New Designator=Q?
Change Component Designator: Old Designator=Q13 New Designator=Q?
Change Component Designator: Old Designator=Q14 New Designator=Q?
Change Component Designator: Old Designator=R14 New Designator=R?
Change Component Designator: Old Designator=R15 New Designator=R?
Change Component Designator: Old Designator=R16 New Designator=R?
Change Component Designator: Old Designator=R17 New Designator=R?
Change Component Designator: Old Designator=R18 New Designator=R?
Change Component Designator: Old Designator=R19 New Designator=R?
Change Component Designator: Old Designator=R20 New Designator=R?
Change Component Designator: Old Designator=R21 New Designator=R?
Change Component Designator: Old Designator=R22 New Designator=R?
Change Component Designator: Old Designator=R23 New Designator=R?
Change Component Designator: Old Designator=R24 New Designator=R?
Change Component Designator: Old Designator=R25 New Designator=R?
Change Component Designator: Old Designator=R26 New Designator=R?
Change Component Designator: Old Designator=R27 New Designator=R?
Change Component Designator: Old Designator=R28 New Designator=R?
Change Component Designator: Old Designator=R29 New Designator=R?
Change Component Designator: Old Designator=R30 New Designator=R?
Change Component Designator: Old Designator=R31 New Designator=R?
Change Component Designator: Old Designator=R32 New Designator=R?
Change Component Designator: Old Designator=R33 New Designator=R?
Change Component Designator: Old Designator=R34 New Designator=R?
