Change Component Designator: Old Designator=Alim1 New Designator=Alim?
Change Component Designator: Old Designator=Analog1 New Designator=Analog?
Change Component Designator: Old Designator=C15 New Designator=C?
Change Component Designator: Old Designator=C16 New Designator=C?
Change Component Designator: Old Designator=C17 New Designator=C?
Change Component Designator: Old Designator=C18 New Designator=C?
Change Component Designator: Old Designator=C19 New Designator=C?
Change Component Designator: Old Designator=C20 New Designator=C?
Change Component Designator: Old Designator=Digital1 New Designator=Digital?
Change Component Designator: Old Designator=infrared1 New Designator=infrared?
Change Component Designator: Old Designator=infrared2 New Designator=infrared?
Change Component Designator: Old Designator=infrared2 New Designator=infrared?
Change Component Designator: Old Designator=infrared2 New Designator=infrared?
Change Component Designator: Old Designator=infrared2 New Designator=infrared?
Change Component Designator: Old Designator=infrared2 New Designator=infrared?
Change Component Designator: Old Designator=infrared2 New Designator=infrared?
Change Component Designator: Old Designator=LedRgbWs1 New Designator=LedRgbWs?
Change Component Designator: Old Designator=LedRgbWs2 New Designator=LedRgbWs?
Change Component Designator: Old Designator=LedRgbWs3 New Designator=LedRgbWs?
Change Component Designator: Old Designator=LedRgbWs4 New Designator=LedRgbWs?
Change Component Designator: Old Designator=LedRgbWs5 New Designator=LedRgbWs?
Change Component Designator: Old Designator=LedRgbWs6 New Designator=LedRgbWs?
Change Component Designator: Old Designator=LedRgbWs7 New Designator=LedRgbWs?
Change Component Designator: Old Designator=LedRgbWs8 New Designator=LedRgbWs?
Change Component Designator: Old Designator=LedRgbWs9 New Designator=LedRgbWs?
Change Component Designator: Old Designator=LedRgbWs10 New Designator=LedRgbWs?
Change Component Designator: Old Designator=R14 New Designator=R?
Change Component Designator: Old Designator=R15 New Designator=R?
Change Component Designator: Old Designator=R15 New Designator=R?
Change Component Designator: Old Designator=R15 New Designator=R?
Change Component Designator: Old Designator=R15 New Designator=R?
Change Component Designator: Old Designator=R15 New Designator=R?
Change Component Designator: Old Designator=R15 New Designator=R?
Change Component Designator: Old Designator=R19 New Designator=R?
Change Component Designator: Old Designator=R20 New Designator=R?
Change Component Designator: Old Designator=R20 New Designator=R?
Change Component Designator: Old Designator=R20 New Designator=R?
Change Component Designator: Old Designator=R20 New Designator=R?
Change Component Designator: Old Designator=R20 New Designator=R?
Change Component Designator: Old Designator=R20 New Designator=R?
Change Component Designator: Old Designator=R24 New Designator=R?
Change Component Designator: Old Designator=R25 New Designator=R?
Change Component Designator: Old Designator=R25 New Designator=R?
Change Component Designator: Old Designator=R25 New Designator=R?
Change Component Designator: Old Designator=R25 New Designator=R?
Change Component Designator: Old Designator=R25 New Designator=R?
Change Component Designator: Old Designator=R25 New Designator=R?
