Added Component: Designator=R33(0805)
Added Component: Designator=R34(0805)
Added Component: Designator=R35(0805)
Added Component: Designator=R36(0805)
Added Component: Designator=R37(0805)
Added Component: Designator=R38(0805)
Added Pin To Net: NetName=GND Pin=R33-1
Added Pin To Net: NetName=GND Pin=R34-1
Added Pin To Net: NetName=NetR34_2 Pin=R34-2
Added Pin To Net: NetName=GND Pin=R35-1
Added Pin To Net: NetName=NetR35_2 Pin=R35-2
Added Pin To Net: NetName=GND Pin=R36-1
Added Pin To Net: NetName=VOLTAGE DIVIDER Pin=R37-1
Added Pin To Net: NetName=VCC 5V Pin=R37-2
Added Pin To Net: NetName=GND Pin=R38-1
Added Pin To Net: NetName=VOLTAGE DIVIDER Pin=R38-2
Added Pin To Net: NetName=NetR33_2 Pin=R33-2
Added Pin To Net: NetName=NetR33_2 Pin=U35-4
Added Pin To Net: NetName=NetR33_2 Pin=U36-3
Added Net: Name=NetR33_2
Added Pin To Net: NetName=NetR36_2 Pin=R36-2
Added Pin To Net: NetName=NetR36_2 Pin=U36-5
Added Pin To Net: NetName=NetR36_2 Pin=U37-4
Added Net: Name=NetR36_2
Added Member To Class: ClassName=CarteTxMoteur Member=Component R33 RES
Added Member To Class: ClassName=CarteTxMoteur Member=Component R34 RES
Added Member To Class: ClassName=CarteTxMoteur Member=Component R35 RES
Added Member To Class: ClassName=CarteTxMoteur Member=Component R36 RES
Added Member To Class: ClassName=CarteTxMoteur Member=Component R37 RES
Added Member To Class: ClassName=CarteTxMoteur Member=Component R38 RES
