Added Component: Designator=Battery pins1(HDR1X2)
Added Component: Designator=C1(293D/B)
Added Component: Designator=C2(293D/B)
Added Component: Designator=C3(293D/B)
Added Component: Designator=C4(293D/B)
Added Component: Designator=C5(293D/B)
Added Component: Designator=C14(293D/B)
Added Component: Designator=C15(293D/B)
Added Component: Designator=D1(Schottly Diode SS32 footprint)
Added Component: Designator=D2(Schottly Diode SS32 footprint)
Added Component: Designator=D3(Schottly Diode SS32 footprint)
Added Component: Designator=L1(1050)
Added Component: Designator=L2(1050)
Added Component: Designator=L3(1050)
Added Component: Designator=LED1(LED0805)
Added Component: Designator=R1(0805)
Added Component: Designator=R2(0805)
Added Component: Designator=R3(0805)
Added Component: Designator=R4(0805)
Added Component: Designator=R5(0805)
Added Component: Designator=R6(0805)
Added Component: Designator=R13(0805)
Added Component: Designator=R14(0805)
Added Component: Designator=R15(0805)
Added Component: Designator=R46(0805)
Added Component: Designator=R47(0805)
Added Component: Designator=U1(LM2731 footprint)
Added Component: Designator=U2(LM2731 footprint)
Added Component: Designator=U3(LMR10510 footprint)
Added Component: Designator=U8(MCP73831)
Added Pin To Net: NetName=GND Pin=Battery pins1-1
Added Pin To Net: NetName=BATTERY Pin=Battery pins1-2
Added Pin To Net: NetName=BATTERY Pin=C1-1
Added Pin To Net: NetName=GND Pin=C1-2
Added Pin To Net: NetName=VCC 8V Pin=C2-1
Added Pin To Net: NetName=GND Pin=C2-2
Added Pin To Net: NetName=BATTERY Pin=C3-1
Added Pin To Net: NetName=GND Pin=C3-2
Added Pin To Net: NetName=VCC 5V Pin=C4-1
Added Pin To Net: NetName=GND Pin=C4-2
Added Pin To Net: NetName=BATTERY Pin=C5-1
Added Pin To Net: NetName=GND Pin=C5-2
Added Pin To Net: NetName=VCC 5V USB Pin=C14-1
Added Pin To Net: NetName=GND Pin=C14-2
Added Pin To Net: NetName=BATTERY Pin=C15-1
Added Pin To Net: NetName=GND Pin=C15-2
Added Pin To Net: NetName=VCC 8V Pin=D1-1
Added Pin To Net: NetName=NetD1_2 Pin=D1-2
Added Pin To Net: NetName=VCC 5V Pin=D2-1
Added Pin To Net: NetName=NetD2_2 Pin=D2-2
Added Pin To Net: NetName=NetD3_1 Pin=D3-1
Added Pin To Net: NetName=GND Pin=D3-2
Added Pin To Net: NetName=BATTERY Pin=L1-1
Added Pin To Net: NetName=NetD1_2 Pin=L1-2
Added Pin To Net: NetName=BATTERY Pin=L2-1
Added Pin To Net: NetName=NetD2_2 Pin=L2-2
Added Pin To Net: NetName=NetD3_1 Pin=L3-1
Added Pin To Net: NetName=VCC 3.3V Pin=L3-2
Added Pin To Net: NetName=NetLED1_A Pin=LED1-A
Added Pin To Net: NetName=NetLED1_K Pin=LED1-K
Added Pin To Net: NetName=NetR1_1 Pin=R1-1
Added Pin To Net: NetName=VCC 8V Pin=R1-2
Added Pin To Net: NetName=GND Pin=R2-1
Added Pin To Net: NetName=NetR1_1 Pin=R2-2
Added Pin To Net: NetName=NetR3_1 Pin=R3-1
Added Pin To Net: NetName=VCC 5V Pin=R3-2
Added Pin To Net: NetName=GND Pin=R4-1
Added Pin To Net: NetName=NetR3_1 Pin=R4-2
Added Pin To Net: NetName=NetR5_1 Pin=R5-1
Added Pin To Net: NetName=VCC 3.3V Pin=R5-2
Added Pin To Net: NetName=GND Pin=R6-1
Added Pin To Net: NetName=NetR5_1 Pin=R6-2
Added Pin To Net: NetName=NetR13_1 Pin=R13-1
Added Pin To Net: NetName=GND Pin=R13-2
Added Pin To Net: NetName=NetLD1_K Pin=R14-1
Added Pin To Net: NetName=NetLED1_A Pin=R14-2
Added Pin To Net: NetName=NetLED1_K Pin=R15-1
Added Pin To Net: NetName=GND Pin=R15-2
Added Pin To Net: NetName=RESET 16 Pin=R46-1
Added Pin To Net: NetName=VCC 5V Pin=R46-2
Added Pin To Net: NetName=GND Pin=R47-1
Added Pin To Net: NetName=DTR Pin=R47-2
Added Pin To Net: NetName=NetD1_2 Pin=U1-1
Added Pin To Net: NetName=GND Pin=U1-2
Added Pin To Net: NetName=NetR1_1 Pin=U1-3
Added Pin To Net: NetName=BATTERY Pin=U1-4
Added Pin To Net: NetName=BATTERY Pin=U1-5
Added Pin To Net: NetName=NetD2_2 Pin=U2-1
Added Pin To Net: NetName=GND Pin=U2-2
Added Pin To Net: NetName=NetR3_1 Pin=U2-3
Added Pin To Net: NetName=BATTERY Pin=U2-4
Added Pin To Net: NetName=BATTERY Pin=U2-5
Added Pin To Net: NetName=NetD3_1 Pin=U3-1
Added Pin To Net: NetName=GND Pin=U3-2
Added Pin To Net: NetName=NetR5_1 Pin=U3-3
Added Pin To Net: NetName=BATTERY Pin=U3-4
Added Pin To Net: NetName=BATTERY Pin=U3-5
Added Pin To Net: NetName=NetLED1_A Pin=U8-1
Added Pin To Net: NetName=GND Pin=U8-2
Added Pin To Net: NetName=BATTERY Pin=U8-3
Added Pin To Net: NetName=VCC 5V USB Pin=U8-4
Added Pin To Net: NetName=NetR13_1 Pin=U8-5
Added Member To Class: ClassName=Alim sch projet robot Member=Component Battery pins1 Header 2
Added Member To Class: ClassName=Alim sch projet robot Member=Component C1 CAP_POL
Added Member To Class: ClassName=Alim sch projet robot Member=Component C2 CAP_POL
Added Member To Class: ClassName=Alim sch projet robot Member=Component C3 CAP_POL
Added Member To Class: ClassName=Alim sch projet robot Member=Component C4 CAP_POL
Added Member To Class: ClassName=Alim sch projet robot Member=Component C5 CAP_POL
Added Member To Class: ClassName=Alim sch projet robot Member=Component C6 CAP_POL
Added Member To Class: ClassName=Schema chargeur USB projet robot Member=Component C14 CAP_POL
Added Member To Class: ClassName=Schema chargeur USB projet robot Member=Component C15 CAP_POL
Added Member To Class: ClassName=IA Core Member=Component C26 CAP
Added Member To Class: ClassName=IA Core Member=Component C27 CAP
Added Member To Class: ClassName=Alim sch projet robot Member=Component D1 SS32
Added Member To Class: ClassName=Alim sch projet robot Member=Component D2 SS32
Added Member To Class: ClassName=Alim sch projet robot Member=Component D3 SS32
Added Member To Class: ClassName=IA Core Member=Component D13 DiodeRedresseuse
Added Member To Class: ClassName=IA Core Member=Component ICSP 1 ISCP Arduino
Added Member To Class: ClassName=Alim sch projet robot Member=Component L1 56uH
Added Member To Class: ClassName=Alim sch projet robot Member=Component L2 56uH
Added Member To Class: ClassName=Alim sch projet robot Member=Component L3 56uH
Added Member To Class: ClassName=Schema chargeur USB projet robot Member=Component LED1 comment
Added Member To Class: ClassName=Alim sch projet robot Member=Component R1 RES
Added Member To Class: ClassName=Alim sch projet robot Member=Component R2 RES
Added Member To Class: ClassName=Alim sch projet robot Member=Component R3 RES
Added Member To Class: ClassName=Alim sch projet robot Member=Component R4 RES
Added Member To Class: ClassName=Alim sch projet robot Member=Component R5 RES
Added Member To Class: ClassName=Alim sch projet robot Member=Component R6 RES
Added Member To Class: ClassName=Schema chargeur USB projet robot Member=Component R13 RES
Added Member To Class: ClassName=Schema chargeur USB projet robot Member=Component R14 RES
Added Member To Class: ClassName=Schema chargeur USB projet robot Member=Component R15 RES
Added Member To Class: ClassName=IA Core Member=Component R38 RES
Added Member To Class: ClassName=IA Core Member=Component R39 RES
Added Member To Class: ClassName=IA Core Member=Component R40 RES
Added Member To Class: ClassName=IA Core Member=Component R41 RES
Added Member To Class: ClassName=IA Core Member=Component R42 RES
Added Member To Class: ClassName=IA Core Member=Component R46 RES
Added Member To Class: ClassName=IA Core Member=Component R47 RES
Added Member To Class: ClassName=Alim sch projet robot Member=Component U1 LM2731
Added Member To Class: ClassName=Alim sch projet robot Member=Component U2 LM2731
Added Member To Class: ClassName=Alim sch projet robot Member=Component U3 LMR10510XMF
Added Member To Class: ClassName=Schema chargeur USB projet robot Member=Component U8 MCP73831
Added Member To Class: ClassName=CarteTxCapteurDistance 2 Member=Component U25 infrared
Added Member To Class: ClassName=CarteTxCapteurDistance 2 Member=Component U39 LedRgbWs2812b
Added Member To Class: ClassName=IA Core Member=Component U42 ATmega16U2-AU
