Removed Pin From Net: NetName=VCC5V Pin=C1-1
Removed Pin From Net: NetName=VCC5V Pin=C2-1
Removed Pin From Net: NetName=GND Pin=C3-1
Removed Pin From Net: NetName=VCC5V Pin=C3-2
Removed Pin From Net: NetName=VCC5V Pin=R1-2
Removed Pin From Net: NetName=VCC5V Pin=R2-2
Removed Member From Class: ClassName=Driver Ligne 2 Member=C1
Removed Member From Class: ClassName=Driver Ligne 2 Member=C2
Removed Member From Class: ClassName=Alim sch projet robot Member=C8
Removed Member From Class: ClassName=Driver Ligne 2 Member=R1
Removed Member From Class: ClassName=Driver Ligne 2 Member=R2
Removed Member From Class: ClassName=Driver Ligne 2 Member=R3
Change Component Designator: OldDesignator=C1 NewDesignator=C2
Change Component Designator: OldDesignator=C1 NewDesignator=C6
Change Component Designator: OldDesignator=C1 NewDesignator=C48
Change Component Designator: OldDesignator=C2 NewDesignator=C3
Change Component Designator: OldDesignator=C2 NewDesignator=C7
Change Component Designator: OldDesignator=C2 NewDesignator=C49
Change Component Designator: OldDesignator=C3 NewDesignator=C4
Change Component Designator: OldDesignator=C3 NewDesignator=C45
Change Component Designator: OldDesignator=C4 NewDesignator=C5
Change Component Designator: OldDesignator=C4 NewDesignator=C50
Change Component Designator: OldDesignator=C5 NewDesignator=C51
Change Component Designator: OldDesignator=C6 NewDesignator=C46
Change Component Designator: OldDesignator=C7 NewDesignator=C47
Change Component Designator: OldDesignator=C8 NewDesignator=C1
Change Component Designator: OldDesignator=J2 NewDesignator=J1
Change Component Designator: OldDesignator=LD1 Red NewDesignator=LD1
Change Component Designator: OldDesignator=LED2 Green NewDesignator=LED1
Change Component Designator: OldDesignator=R1 NewDesignator=R5
Change Component Designator: OldDesignator=R1 NewDesignator=R45
Change Component Designator: OldDesignator=R2 NewDesignator=R6
Change Component Designator: OldDesignator=R2 NewDesignator=R46
Change Component Designator: OldDesignator=R3 NewDesignator=R7
Change Component Designator: OldDesignator=R3 NewDesignator=R48
Change Component Designator: OldDesignator=R4 NewDesignator=R50
Change Component Designator: OldDesignator=R5 NewDesignator=R47
Change Component Designator: OldDesignator=R6 NewDesignator=R49
Change Component Designator: OldDesignator=U1 NewDesignator=U45
Change Component Designator: OldDesignator=U2 NewDesignator=U46
Change Component Designator: OldDesignator=U3 NewDesignator=U47
Change Component Designator: OldDesignator=U4 NewDesignator=U48
Change Component Designator: OldDesignator=U5 NewDesignator=U49
Change Component Designator: OldDesignator=U6 NewDesignator=U50
Change Component Designator: OldDesignator=U7 NewDesignator=U1
Change Component Designator: OldDesignator=U? NewDesignator=U2
Added Component: Designator=D1(Schottly Diode SS32 footprint)
Added Component: Designator=D2(Schottly Diode SS32 footprint)
Added Component: Designator=U3(LM2731 footprint)
Added Component: Designator=U4(LM2731 footprint)
Added Pin To Net: NetName=BATTERY Pin=C2-1
Added Pin To Net: NetName=VCC 3.3V Pin=C3-1
Added Pin To Net: NetName=BATTERY Pin=C4-1
Added Pin To Net: NetName=GND Pin=C4-2
Added Pin To Net: NetName=GND Pin=C6-2
Added Pin To Net: NetName=GND Pin=C7-2
Added Pin To Net: NetName=GND Pin=C45-1
Added Pin To Net: NetName=VCC5V Pin=C45-2
Added Pin To Net: NetName=VCC5V Pin=C48-1
Added Pin To Net: NetName=GND Pin=C48-2
Added Pin To Net: NetName=VCC5V Pin=C49-1
Added Pin To Net: NetName=GND Pin=C49-2
Added Pin To Net: NetName=GND Pin=C50-2
Added Pin To Net: NetName=VCC 3.3V Pin=D1-1
Added Pin To Net: NetName=NetD1_2 Pin=D1-2
Added Pin To Net: NetName=VCC 5V Pin=D2-1
Added Pin To Net: NetName=NetD2_2 Pin=D2-2
Added Pin To Net: NetName=NetR1_1 Pin=R1-1
Added Pin To Net: NetName=VCC 3.3V Pin=R1-2
Added Pin To Net: NetName=GND Pin=R2-1
Added Pin To Net: NetName=NetR1_1 Pin=R2-2
Added Pin To Net: NetName=NetR3_1 Pin=R3-1
Added Pin To Net: NetName=NetR3_1 Pin=R4-2
Added Pin To Net: NetName=GND Pin=R5-2
Added Pin To Net: NetName=GND Pin=R7-2
Added Pin To Net: NetName=VCC5V Pin=R45-2
Added Pin To Net: NetName=VCC5V Pin=R46-2
Added Pin To Net: NetName=GND Pin=R50-1
Added Pin To Net: NetName=NetD1_2 Pin=U3-1
Added Pin To Net: NetName=GND Pin=U3-2
Added Pin To Net: NetName=NetR1_1 Pin=U3-3
Added Pin To Net: NetName=BATTERY Pin=U3-4
Added Pin To Net: NetName=BATTERY Pin=U3-5
Added Pin To Net: NetName=NetD2_2 Pin=U4-1
Added Pin To Net: NetName=GND Pin=U4-2
Added Pin To Net: NetName=NetR3_1 Pin=U4-3
Added Pin To Net: NetName=BATTERY Pin=U4-4
Added Pin To Net: NetName=BATTERY Pin=U4-5
Change Net Name : Old Net Name=NetR5_1 New Net Name=NetR47_1
Change Net Name : Old Net Name=NetR5_2 New Net Name=NetR47_2
Change Net Name : Old Net Name=NetR6_2 New Net Name=NetR49_2
Change Net Name : Old Net Name=NetU1_4 New Net Name=NetU45_4
Change Net Name : Old Net Name=NetU2_4 New Net Name=NetU46_4
Added Pin To Net: NetName=NetC7_1 Pin=C7-1
Added Pin To Net: NetName=NetC7_1 Pin=J1-2
Added Pin To Net: NetName=NetC7_1 Pin=U2-3
Added Net: Name=NetC7_1
Added Pin To Net: NetName=NetC50_1 Pin=C50-1
Added Pin To Net: NetName=NetC50_1 Pin=R45-1
Added Pin To Net: NetName=NetC50_1 Pin=U45-1
Added Net: Name=NetC50_1
Added Pin To Net: NetName=NetC51_1 Pin=C51-1
Added Pin To Net: NetName=NetC51_1 Pin=R46-1
Added Pin To Net: NetName=NetC51_1 Pin=U46-1
Added Net: Name=NetC51_1
Added Pin To Net: NetName=NetLD1_K Pin=LD1-K
Added Pin To Net: NetName=NetLD1_K Pin=R6-1
Added Net: Name=NetLD1_K
Added Pin To Net: NetName=NetLED1_A Pin=LED1-A
Added Pin To Net: NetName=NetLED1_A Pin=R6-2
Added Pin To Net: NetName=NetLED1_A Pin=U2-1
Added Net: Name=NetLED1_A
Added Pin To Net: NetName=NetLED1_K Pin=LED1-K
Added Pin To Net: NetName=NetLED1_K Pin=R7-1
Added Net: Name=NetLED1_K
Added Pin To Net: NetName=NetR5_1 Pin=R5-1
Added Pin To Net: NetName=NetR5_1 Pin=U2-5
Added Net: Name=NetR5_1
Added Pin To Net: NetName=NetR48_1 Pin=R48-1
Added Net: Name=NetR48_1
Added Pin To Net: NetName=NetR48_2 Pin=R48-2
Added Pin To Net: NetName=NetR48_2 Pin=U48-1
Added Pin To Net: NetName=NetR48_2 Pin=U50-3
Added Net: Name=NetR48_2
Added Pin To Net: NetName=NetR50_2 Pin=R50-2
Added Pin To Net: NetName=NetR50_2 Pin=U48-2
Added Pin To Net: NetName=NetR50_2 Pin=U50-1
Added Net: Name=NetR50_2
Added Member To Class: ClassName=Alim sch projet robot Member=Component C5 CAP_POL
Added Member To Class: ClassName=Driver Ligne 2 Member=Component C48 CAP
Added Member To Class: ClassName=Driver Ligne 2 Member=Component C49 CAP
Added Member To Class: ClassName=Alim sch projet robot Member=Component D1 SS32
Added Member To Class: ClassName=Alim sch projet robot Member=Component D2 SS32
Added Member To Class: ClassName=Driver Ligne 2 Member=Component R45 RES
Added Member To Class: ClassName=Driver Ligne 2 Member=Component R46 RES
Added Member To Class: ClassName=Driver Ligne 2 Member=Component R48 RES
Added Member To Class: ClassName=Alim sch projet robot Member=Component U3 LM2731
Added Member To Class: ClassName=Alim sch projet robot Member=Component U4 LM2731
