Added Component: Designator=C1(RB.1/.2)
Added Component: Designator=C1(0805)
Added Component: Designator=C1(RB.1/.2)
Added Component: Designator=C2(RB.1/.2)
Added Component: Designator=C2(0805)
Added Component: Designator=C2(RB.1/.2)
Added Component: Designator=C3(0805)
Added Component: Designator=C3(RB.1/.2)
Added Component: Designator=C4(0805)
Added Component: Designator=C4(RB.1/.2)
Added Component: Designator=C5(0805)
Added Component: Designator=C6(0805)
Added Component: Designator=C7(0805)
Added Component: Designator=C8(0805)
Added Component: Designator=J2(AMP_2)
Added Component: Designator=L1(1050)
Added Component: Designator=L2(1050)
Added Component: Designator=LD1 Red(LED0805)
Added Component: Designator=LED2 Green(LED0805)
Added Component: Designator=P1(HDR1X2)
Added Component: Designator=R1(0805)
Added Component: Designator=R1(0805)
Added Component: Designator=R1(0805)
Added Component: Designator=R2(0805)
Added Component: Designator=R2(0805)
Added Component: Designator=R2(0805)
Added Component: Designator=R3(0805)
Added Component: Designator=R3(0805)
Added Component: Designator=R3(0805)
Added Component: Designator=R4(0805)
Added Component: Designator=R4(0805)
Added Component: Designator=R5(0805)
Added Component: Designator=R6(0805)
Added Component: Designator=U1(TCRT5000 Droit)
Added Component: Designator=U2(TCRT5000 Droit)
Added Component: Designator=U3(BC817-40)
Added Component: Designator=U4(BC817-40)
Added Component: Designator=U5(BC817-40)
Added Component: Designator=U6(BC817-40)
Added Component: Designator=U7(USB micro B connector)
Added Pin To Net: NetName=BATTERY Pin=C1-1
Added Pin To Net: NetName=BATTERY Pin=C3-1
Added Pin To Net: NetName=BATTERY Pin=C8-1
Added Pin To Net: NetName=BATTERY Pin=L1-1
Added Pin To Net: NetName=BATTERY Pin=L2-1
Added Pin To Net: NetName=BATTERY Pin=P1-2
Added Net: Name=BATTERY
Added Pin To Net: NetName=D+ Pin=U7-3
Added Net: Name=D+
Added Pin To Net: NetName=D- Pin=U7-2
Added Net: Name=D-
Added Pin To Net: NetName=GND Pin=C1-2
Added Pin To Net: NetName=GND Pin=C1-2
Added Pin To Net: NetName=GND Pin=C1-2
Added Pin To Net: NetName=GND Pin=C2-2
Added Pin To Net: NetName=GND Pin=C2-2
Added Pin To Net: NetName=GND Pin=C2-2
Added Pin To Net: NetName=GND Pin=C3-1
Added Pin To Net: NetName=GND Pin=C3-2
Added Pin To Net: NetName=GND Pin=C4-2
Added Pin To Net: NetName=GND Pin=C4-2
Added Pin To Net: NetName=GND Pin=C5-2
Added Pin To Net: NetName=GND Pin=C6-1
Added Pin To Net: NetName=GND Pin=C7-1
Added Pin To Net: NetName=GND Pin=C8-2
Added Pin To Net: NetName=GND Pin=J2-1
Added Pin To Net: NetName=GND Pin=P1-1
Added Pin To Net: NetName=GND Pin=R1-2
Added Pin To Net: NetName=GND Pin=R2-1
Added Pin To Net: NetName=GND Pin=R3-2
Added Pin To Net: NetName=GND Pin=R4-1
Added Pin To Net: NetName=GND Pin=R4-1
Added Pin To Net: NetName=GND Pin=R6-1
Added Pin To Net: NetName=GND Pin=U1-3
Added Pin To Net: NetName=GND Pin=U2-2
Added Pin To Net: NetName=GND Pin=U2-3
Added Pin To Net: NetName=GND Pin=U5-2
Added Pin To Net: NetName=GND Pin=U6-2
Added Pin To Net: NetName=GND Pin=U7-5
Added Pin To Net: NetName=GND Pin=U7-6
Added Pin To Net: NetName=GND Pin=U7-7
Added Pin To Net: NetName=GND Pin=U7-8
Added Pin To Net: NetName=GND Pin=U7-9
Added Pin To Net: NetName=GND Pin=U7-10
Added Pin To Net: NetName=GND Pin=U7-11
Added Net: Name=GND
Added Pin To Net: NetName=ID Pin=U7-4
Added Net: Name=ID
Added Pin To Net: NetName=NetC2_1 Pin=C2-1
Added Pin To Net: NetName=NetC2_1 Pin=J2-2
Added Pin To Net: NetName=NetC2_1 Pin=U2-3
Added Net: Name=NetC2_1
Added Pin To Net: NetName=NetC4_1 Pin=C4-1
Added Pin To Net: NetName=NetC4_1 Pin=R1-1
Added Pin To Net: NetName=NetC4_1 Pin=U1-1
Added Net: Name=NetC4_1
Added Pin To Net: NetName=NetC5_1 Pin=C5-1
Added Pin To Net: NetName=NetC5_1 Pin=R2-1
Added Pin To Net: NetName=NetC5_1 Pin=U2-1
Added Net: Name=NetC5_1
Added Pin To Net: NetName=NetD1_2 Pin=L1-2
Added Net: Name=NetD1_2
Added Pin To Net: NetName=NetD2_2 Pin=L2-2
Added Net: Name=NetD2_2
Added Pin To Net: NetName=NetLD1 Red_K Pin=LD1 Red-K
Added Pin To Net: NetName=NetLD1 Red_K Pin=R2-1
Added Net: Name=NetLD1 Red_K
Added Pin To Net: NetName=NetLED2 Green_A Pin=LED2 Green-A
Added Pin To Net: NetName=NetLED2 Green_A Pin=R2-2
Added Pin To Net: NetName=NetLED2 Green_A Pin=U2-1
Added Net: Name=NetLED2 Green_A
Added Pin To Net: NetName=NetLED2 Green_K Pin=LED2 Green-K
Added Pin To Net: NetName=NetLED2 Green_K Pin=R3-1
Added Net: Name=NetLED2 Green_K
Added Pin To Net: NetName=NetR1_1 Pin=R1-1
Added Net: Name=NetR1_1
Added Pin To Net: NetName=NetR3_1 Pin=R3-1
Added Pin To Net: NetName=NetR3_1 Pin=R4-2
Added Net: Name=NetR3_1
Added Pin To Net: NetName=NetR3_2 Pin=R3-2
Added Pin To Net: NetName=NetR3_2 Pin=U4-1
Added Pin To Net: NetName=NetR3_2 Pin=U6-3
Added Net: Name=NetR3_2
Added Pin To Net: NetName=NetR4_2 Pin=R4-2
Added Pin To Net: NetName=NetR4_2 Pin=U4-2
Added Pin To Net: NetName=NetR4_2 Pin=U6-1
Added Net: Name=NetR4_2
Added Pin To Net: NetName=NetR5_1 Pin=R5-1
Added Net: Name=NetR5_1
Added Pin To Net: NetName=NetR5_2 Pin=R5-2
Added Pin To Net: NetName=NetR5_2 Pin=U3-1
Added Pin To Net: NetName=NetR5_2 Pin=U5-3
Added Net: Name=NetR5_2
Added Pin To Net: NetName=NetR6_2 Pin=R6-2
Added Pin To Net: NetName=NetR6_2 Pin=U3-2
Added Pin To Net: NetName=NetR6_2 Pin=U5-1
Added Net: Name=NetR6_2
Added Pin To Net: NetName=NetU1_4 Pin=U1-4
Added Pin To Net: NetName=NetU1_4 Pin=U3-3
Added Net: Name=NetU1_4
Added Pin To Net: NetName=NetU2_4 Pin=U2-4
Added Pin To Net: NetName=NetU2_4 Pin=U4-3
Added Net: Name=NetU2_4
Added Pin To Net: NetName=VCC 3.3V Pin=C2-1
Added Pin To Net: NetName=VCC 3.3V Pin=R1-2
Added Net: Name=VCC 3.3V
Added Pin To Net: NetName=VCC 5V Pin=C1-1
Added Pin To Net: NetName=VCC 5V Pin=LD1 Red-A
Added Pin To Net: NetName=VCC 5V Pin=U2-4
Added Pin To Net: NetName=VCC 5V Pin=U7-1
Added Net: Name=VCC 5V
Added Pin To Net: NetName=VCC5V Pin=C1-1
Added Pin To Net: NetName=VCC5V Pin=C2-1
Added Pin To Net: NetName=VCC5V Pin=C3-2
Added Pin To Net: NetName=VCC5V Pin=C6-2
Added Pin To Net: NetName=VCC5V Pin=C7-2
Added Pin To Net: NetName=VCC5V Pin=R1-2
Added Pin To Net: NetName=VCC5V Pin=R2-2
Added Pin To Net: NetName=VCC5V Pin=U1-2
Added Pin To Net: NetName=VCC5V Pin=U2-2
Added Net: Name=VCC5V
Added Class: Name=Alim sch projet robot
Added Class: Name=Driver Ligne 2
Added Class: Name=Schema chargeur USB projet robot
