Removed Pin From Net: NetName=VCC5V Pin=C1-1
Removed Pin From Net: NetName=VCC5V Pin=C2-1
Removed Pin From Net: NetName=GND Pin=C3-1
Removed Pin From Net: NetName=VCC5V Pin=C3-2
Removed Pin From Net: NetName=NetC4_1 Pin=C4-1
Removed Pin From Net: NetName=VCC 5V Pin=LD1 Red-A
Removed Pin From Net: NetName=VCC5V Pin=R1-2
Removed Pin From Net: NetName=NetLD1 Red_K Pin=R2-1
Removed Pin From Net: NetName=VCC5V Pin=R2-2
Removed Pin From Net: NetName=NetR3_2 Pin=R3-2
Removed Pin From Net: NetName=NetR4_2 Pin=R4-2
Removed Pin From Net: NetName=NetLED2 Green_A Pin=U2-1
Removed Pin From Net: NetName=NetC2_1 Pin=U2-3
Removed Pin From Net: NetName=VCC 5V Pin=U2-4
Removed Pin From Net: NetName=VCC 5V Pin=U7-1
Removed Member From Class: ClassName=Schema chargeur USB projet robot Member=U2
Added Component: Designator=U?(MCP73831)
Added Pin To Net: NetName=BATTERY Pin=C1-1
Added Pin To Net: NetName=VCC5V Pin=C1-1
Added Pin To Net: NetName=GND Pin=C1-2
Added Pin To Net: NetName=GND Pin=C1-2
Added Pin To Net: NetName=NetC2_1 Pin=C2-1
Added Pin To Net: NetName=VCC 3.3V Pin=C2-1
Added Pin To Net: NetName=VCC5V Pin=C2-1
Added Pin To Net: NetName=GND Pin=C2-2
Added Pin To Net: NetName=GND Pin=C2-2
Added Pin To Net: NetName=BATTERY Pin=C3-1
Added Pin To Net: NetName=GND Pin=C3-1
Added Pin To Net: NetName=GND Pin=C3-2
Added Pin To Net: NetName=VCC5V Pin=C3-2
Added Pin To Net: NetName=NetC4_1 Pin=C4-1
Added Pin To Net: NetName=VCC 5V Pin=C4-1
Added Pin To Net: NetName=GND Pin=C4-2
Added Pin To Net: NetName=NetC4_1 Pin=R1-1
Added Pin To Net: NetName=GND Pin=R1-2
Added Pin To Net: NetName=VCC 3.3V Pin=R1-2
Added Pin To Net: NetName=VCC5V Pin=R1-2
Added Pin To Net: NetName=GND Pin=R2-1
Added Pin To Net: NetName=NetC5_1 Pin=R2-1
Added Pin To Net: NetName=NetLD1 Red_K Pin=R2-1
Added Pin To Net: NetName=NetLED2 Green_A Pin=R2-2
Added Pin To Net: NetName=NetR1_1 Pin=R2-2
Added Pin To Net: NetName=VCC5V Pin=R2-2
Added Pin To Net: NetName=NetLED2 Green_K Pin=R3-1
Added Pin To Net: NetName=GND Pin=R3-2
Added Pin To Net: NetName=NetR3_2 Pin=R3-2
Added Pin To Net: NetName=VCC 5V Pin=R3-2
Added Pin To Net: NetName=GND Pin=R4-1
Added Pin To Net: NetName=NetR3_1 Pin=R4-2
Added Pin To Net: NetName=NetR4_2 Pin=R4-2
Added Pin To Net: NetName=NetC5_1 Pin=U2-1
Added Pin To Net: NetName=GND Pin=U2-3
Added Pin To Net: NetName=NetU2_4 Pin=U2-4
Added Pin To Net: NetName=NetLED2 Green_A Pin=U?-1
Added Pin To Net: NetName=GND Pin=U?-2
Added Pin To Net: NetName=NetC2_1 Pin=U?-3
Added Member To Class: ClassName=Schema chargeur USB projet robot Member=Component U? MCP73831
