Added Component: Designator=C1(RB.1/.2)
Added Component: Designator=C2(RB.1/.2)
Added Component: Designator=C3(RB.1/.2)
Added Component: Designator=C4(RB.1/.2)
Added Component: Designator=C5(0805)
Added Component: Designator=C6(0805)
Added Component: Designator=C7(0805)
Added Component: Designator=C8(0805)
Added Component: Designator=C9(0805)
Added Component: Designator=C10(0805)
Added Component: Designator=C11(0805)
Added Component: Designator=C12(RB.1/.2)
Added Component: Designator=C13(RB.1/.2)
Added Component: Designator=C14(0805)
Added Component: Designator=C15(0805)
Added Component: Designator=C16(0805)
Added Component: Designator=C17(0805)
Added Component: Designator=C18(0805)
Added Component: Designator=C19(0805)
Added Component: Designator=D1(Schottly Diode SS32 footprint)
Added Component: Designator=D2(Schottly Diode SS32 footprint)
Added Component: Designator=infrared(Infrared)
Added Component: Designator=infrared(Infrared)
Added Component: Designator=infrared(Infrared)
Added Component: Designator=infrared(Infrared)
Added Component: Designator=infrared(Infrared)
Added Component: Designator=infrared(Infrared)
Added Component: Designator=infrared(Infrared)
Added Component: Designator=L1(1050)
Added Component: Designator=L2(1050)
Added Component: Designator=LD1(LED0805)
Added Component: Designator=LED1(LED0805)
Added Component: Designator=LedRgbWs2812b(LedRgbWs2812b)
Added Component: Designator=LedRgbWs2812b(LedRgbWs2812b)
Added Component: Designator=LedRgbWs2812b(LedRgbWs2812b)
Added Component: Designator=LedRgbWs2812b(LedRgbWs2812b)
Added Component: Designator=LedRgbWs2812b(LedRgbWs2812b)
Added Component: Designator=LedRgbWs2812b(LedRgbWs2812b)
Added Component: Designator=LedRgbWs2812b(LedRgbWs2812b)
Added Component: Designator=LedRgbWs2812b(LedRgbWs2812b)
Added Component: Designator=LedRgbWs2812b(LedRgbWs2812b)
Added Component: Designator=LedRgbWs2812b(LedRgbWs2812b)
Added Component: Designator=R1(0805)
Added Component: Designator=R2(0805)
Added Component: Designator=R3(0805)
Added Component: Designator=R4(0805)
Added Component: Designator=R5(0805)
Added Component: Designator=R6(0805)
Added Component: Designator=R7(0805)
Added Component: Designator=R8(0805)
Added Component: Designator=R9(0805)
Added Component: Designator=R10(0805)
Added Component: Designator=R11(0805)
Added Component: Designator=R12(0805)
Added Component: Designator=R13(0805)
Added Component: Designator=R14(0805)
Added Component: Designator=R15(0805)
Added Component: Designator=R16(0805)
Added Component: Designator=R17(0805)
Added Component: Designator=R18(0805)
Added Component: Designator=R19(0805)
Added Component: Designator=R20(0805)
Added Component: Designator=R21(0805)
Added Component: Designator=R22(0805)
Added Component: Designator=R23(0805)
Added Component: Designator=R24(0805)
Added Component: Designator=R25(0805)
Added Component: Designator=R26(0805)
Added Component: Designator=R27(0805)
Added Component: Designator=R28(0805)
Added Component: Designator=R29(0805)
Added Component: Designator=R30(0805)
Added Component: Designator=R31(0805)
Added Component: Designator=R32(0805)
Added Component: Designator=R33(0805)
Added Component: Designator=R34(0805)
Added Component: Designator=Sens Left(TCRT5000 Droit)
Added Component: Designator=Sensor Right(TCRT5000 Droit)
Added Component: Designator=U1(LM2731 footprint)
Added Component: Designator=U2(LM2731 footprint)
Added Component: Designator=U3(BC817-40)
Added Component: Designator=U4(BC817-40)
Added Component: Designator=U5(BC817-40)
Added Component: Designator=U6(BC817-40)
Added Component: Designator=U7(MCP73831)
Added Component: Designator=U8(BC817-40)
Added Component: Designator=U9(BC817-40)
Added Component: Designator=U10(BC817-40)
Added Component: Designator=U11(BC817-40)
Added Component: Designator=U12(BC817-40)
Added Component: Designator=U13(BC817-40)
Added Component: Designator=U14(BC817-40)
Added Component: Designator=U15(BC817-40)
Added Component: Designator=U16(BC817-40)
Added Component: Designator=U17(BC817-40)
Added Component: Designator=U18(BC817-40)
Added Component: Designator=U19(BC817-40)
Added Component: Designator=U20(BC817-40)
Added Component: Designator=U21(BC817-40)
Added Pin To Net: NetName=GND Pin=C1-2
Added Pin To Net: NetName=GND Pin=C2-2
Added Pin To Net: NetName=GND Pin=C3-2
Added Pin To Net: NetName=VCC Pin=C4-1
Added Pin To Net: NetName=GND Pin=C4-2
Added Pin To Net: NetName=GND Pin=C5-1
Added Pin To Net: NetName=VCC5V Pin=C5-2
Added Pin To Net: NetName=GND Pin=C6-1
Added Pin To Net: NetName=VCC5V Pin=C6-2
Added Pin To Net: NetName=GND Pin=C7-1
Added Pin To Net: NetName=VCC5V Pin=C7-2
Added Pin To Net: NetName=VCC5V Pin=C8-1
Added Pin To Net: NetName=GND Pin=C8-2
Added Pin To Net: NetName=VCC5V Pin=C9-1
Added Pin To Net: NetName=GND Pin=C9-2
Added Pin To Net: NetName=GND Pin=C10-2
Added Pin To Net: NetName=GND Pin=C11-2
Added Pin To Net: NetName=GND Pin=C12-2
Added Pin To Net: NetName=GND Pin=C13-2
Added Pin To Net: NetName=VCC Pin=C14-1
Added Pin To Net: NetName=GND Pin=C14-2
Added Pin To Net: NetName=VCC Pin=C15-1
Added Pin To Net: NetName=GND Pin=C15-2
Added Pin To Net: NetName=VCC Pin=C16-1
Added Pin To Net: NetName=GND Pin=C16-2
Added Pin To Net: NetName=VCC Pin=C17-1
Added Pin To Net: NetName=GND Pin=C17-2
Added Pin To Net: NetName=VCC Pin=C18-1
Added Pin To Net: NetName=GND Pin=C18-2
Added Pin To Net: NetName=VCC Pin=C19-1
Added Pin To Net: NetName=GND Pin=C19-2
Added Pin To Net: NetName=VCC Pin=D2-1
Added Pin To Net: NetName=Netinfrared_gndEmitter Pin=infrared-gndEmitter
Added Pin To Net: NetName=Netinfrared_gndReceiver Pin=infrared-gndReceiver
Added Pin To Net: NetName=VCC Pin=infrared-VCC
Added Pin To Net: NetName=VCC Pin=infrared-VCC
Added Pin To Net: NetName=VCC Pin=infrared-VCC
Added Pin To Net: NetName=VCC Pin=infrared-VCC
Added Pin To Net: NetName=VCC Pin=infrared-VCC
Added Pin To Net: NetName=VCC Pin=infrared-VCC
Added Pin To Net: NetName=VCC Pin=infrared-VCC
Added Pin To Net: NetName=VCC Pin=infrared-VCC
Added Pin To Net: NetName=VCC Pin=infrared-VCC
Added Pin To Net: NetName=VCC Pin=infrared-VCC
Added Pin To Net: NetName=VCC Pin=infrared-VCC
Added Pin To Net: NetName=VCC Pin=infrared-VCC
Added Pin To Net: NetName=VCC Pin=infrared-VCC
Added Pin To Net: NetName=VCC Pin=infrared-VCC
Added Pin To Net: NetName=NetLedRgbWs2812b_din Pin=LedRgbWs2812b-din
Added Pin To Net: NetName=NetLedRgbWs2812b_din Pin=LedRgbWs2812b-dout
Added Pin To Net: NetName=GND Pin=LedRgbWs2812b-GND
Added Pin To Net: NetName=GND Pin=LedRgbWs2812b-GND
Added Pin To Net: NetName=GND Pin=LedRgbWs2812b-GND
Added Pin To Net: NetName=GND Pin=LedRgbWs2812b-GND
Added Pin To Net: NetName=GND Pin=LedRgbWs2812b-GND
Added Pin To Net: NetName=NetLedRgbWs2812b_GND Pin=LedRgbWs2812b-GND
Added Pin To Net: NetName=NetLedRgbWs2812b_GND Pin=LedRgbWs2812b-GND
Added Pin To Net: NetName=NetLedRgbWs2812b_GND Pin=LedRgbWs2812b-GND
Added Pin To Net: NetName=NetLedRgbWs2812b_GND Pin=LedRgbWs2812b-GND
Added Pin To Net: NetName=NetLedRgbWs2812b_GND Pin=LedRgbWs2812b-GND
Added Pin To Net: NetName=VCC Pin=LedRgbWs2812b-VCC
Added Pin To Net: NetName=VCC Pin=LedRgbWs2812b-VCC
Added Pin To Net: NetName=VCC Pin=LedRgbWs2812b-VCC
Added Pin To Net: NetName=VCC Pin=LedRgbWs2812b-VCC
Added Pin To Net: NetName=VCC Pin=LedRgbWs2812b-VCC
Added Pin To Net: NetName=VCC Pin=LedRgbWs2812b-VCC
Added Pin To Net: NetName=VCC Pin=LedRgbWs2812b-VCC
Added Pin To Net: NetName=VCC Pin=LedRgbWs2812b-VCC
Added Pin To Net: NetName=VCC Pin=LedRgbWs2812b-VCC
Added Pin To Net: NetName=VCC Pin=LedRgbWs2812b-VCC
Added Pin To Net: NetName=GND Pin=R2-1
Added Pin To Net: NetName=VCC Pin=R3-2
Added Pin To Net: NetName=GND Pin=R4-1
Added Pin To Net: NetName=VCC5V Pin=R5-2
Added Pin To Net: NetName=VCC5V Pin=R6-2
Added Pin To Net: NetName=GND Pin=R9-1
Added Pin To Net: NetName=GND Pin=R10-1
Added Pin To Net: NetName=GND Pin=R11-2
Added Pin To Net: NetName=GND Pin=R13-2
Added Pin To Net: NetName=Netinfrared_gndReceiver Pin=R14-1
Added Pin To Net: NetName=GND Pin=R14-2
Added Pin To Net: NetName=GND Pin=R15-2
Added Pin To Net: NetName=GND Pin=R16-2
Added Pin To Net: NetName=GND Pin=R17-2
Added Pin To Net: NetName=GND Pin=R18-2
Added Pin To Net: NetName=GND Pin=R24-1
Added Pin To Net: NetName=GND Pin=R25-1
Added Pin To Net: NetName=GND Pin=R26-1
Added Pin To Net: NetName=GND Pin=R27-1
Added Pin To Net: NetName=GND Pin=R28-1
Added Pin To Net: NetName=GND Pin=R29-2
Added Pin To Net: NetName=GND Pin=R30-2
Added Pin To Net: NetName=GND Pin=R33-1
Added Pin To Net: NetName=GND Pin=R34-1
Added Pin To Net: NetName=VCC5V Pin=Sens Left-2
Added Pin To Net: NetName=GND Pin=Sens Left-3
Added Pin To Net: NetName=VCC5V Pin=Sensor Right-2
Added Pin To Net: NetName=GND Pin=Sensor Right-3
Added Pin To Net: NetName=GND Pin=U1-2
Added Pin To Net: NetName=GND Pin=U2-2
Added Pin To Net: NetName=GND Pin=U5-2
Added Pin To Net: NetName=GND Pin=U6-2
Added Pin To Net: NetName=GND Pin=U7-2
Added Pin To Net: NetName=Netinfrared_gndEmitter Pin=U8-3
Added Pin To Net: NetName=GND Pin=U13-2
Added Pin To Net: NetName=GND Pin=U14-2
Added Pin To Net: NetName=GND Pin=U15-2
Added Pin To Net: NetName=GND Pin=U16-2
Added Pin To Net: NetName=GND Pin=U17-2
Added Pin To Net: NetName=GND Pin=U20-2
Added Pin To Net: NetName=GND Pin=U21-2
Added Pin To Net: NetName=NetC1_1 Pin=C1-1
Added Pin To Net: NetName=NetC1_1 Pin=C3-1
Added Pin To Net: NetName=NetC1_1 Pin=L1-1
Added Pin To Net: NetName=NetC1_1 Pin=L2-1
Added Pin To Net: NetName=NetC1_1 Pin=U1-4
Added Pin To Net: NetName=NetC1_1 Pin=U1-5
Added Pin To Net: NetName=NetC1_1 Pin=U2-4
Added Pin To Net: NetName=NetC1_1 Pin=U2-5
Added Net: Name=NetC1_1
Added Pin To Net: NetName=NetC2_1 Pin=C2-1
Added Pin To Net: NetName=NetC2_1 Pin=D1-1
Added Pin To Net: NetName=NetC2_1 Pin=R1-2
Added Net: Name=NetC2_1
Added Pin To Net: NetName=NetC10_1 Pin=C10-1
Added Pin To Net: NetName=NetC10_1 Pin=R5-1
Added Pin To Net: NetName=NetC10_1 Pin=Sens Left-1
Added Net: Name=NetC10_1
Added Pin To Net: NetName=NetC11_1 Pin=C11-1
Added Pin To Net: NetName=NetC11_1 Pin=R6-1
Added Pin To Net: NetName=NetC11_1 Pin=Sensor Right-1
Added Net: Name=NetC11_1
Added Pin To Net: NetName=NetC12_1 Pin=C12-1
Added Pin To Net: NetName=NetC12_1 Pin=LD1-A
Added Pin To Net: NetName=NetC12_1 Pin=U7-4
Added Net: Name=NetC12_1
Added Pin To Net: NetName=NetC13_1 Pin=C13-1
Added Pin To Net: NetName=NetC13_1 Pin=U7-3
Added Net: Name=NetC13_1
Added Pin To Net: NetName=NetD1_2 Pin=D1-2
Added Pin To Net: NetName=NetD1_2 Pin=L1-2
Added Pin To Net: NetName=NetD1_2 Pin=U1-1
Added Net: Name=NetD1_2
Added Pin To Net: NetName=NetD2_2 Pin=D2-2
Added Pin To Net: NetName=NetD2_2 Pin=L2-2
Added Pin To Net: NetName=NetD2_2 Pin=U2-1
Added Net: Name=NetD2_2
Added Pin To Net: NetName=NetLD1_K Pin=LD1-K
Added Pin To Net: NetName=NetLD1_K Pin=R12-1
Added Net: Name=NetLD1_K
Added Pin To Net: NetName=NetLED1_A Pin=LED1-A
Added Pin To Net: NetName=NetLED1_A Pin=R12-2
Added Pin To Net: NetName=NetLED1_A Pin=U7-1
Added Net: Name=NetLED1_A
Added Pin To Net: NetName=NetLED1_K Pin=LED1-K
Added Pin To Net: NetName=NetLED1_K Pin=R13-1
Added Net: Name=NetLED1_K
Added Pin To Net: NetName=NetR1_1 Pin=R1-1
Added Pin To Net: NetName=NetR1_1 Pin=R2-2
Added Pin To Net: NetName=NetR1_1 Pin=U1-3
Added Net: Name=NetR1_1
Added Pin To Net: NetName=NetR3_1 Pin=R3-1
Added Pin To Net: NetName=NetR3_1 Pin=R4-2
Added Pin To Net: NetName=NetR3_1 Pin=U2-3
Added Net: Name=NetR3_1
Added Pin To Net: NetName=NetR7_1 Pin=R7-1
Added Net: Name=NetR7_1
Added Pin To Net: NetName=NetR8_1 Pin=R8-1
Added Net: Name=NetR8_1
Added Pin To Net: NetName=NetR9_2 Pin=R9-2
Added Pin To Net: NetName=NetR9_2 Pin=U3-2
Added Pin To Net: NetName=NetR9_2 Pin=U5-1
Added Net: Name=NetR9_2
Added Pin To Net: NetName=NetR10_2 Pin=R10-2
Added Pin To Net: NetName=NetR10_2 Pin=U4-2
Added Pin To Net: NetName=NetR10_2 Pin=U6-1
Added Net: Name=NetR10_2
Added Pin To Net: NetName=NetR11_1 Pin=R11-1
Added Pin To Net: NetName=NetR11_1 Pin=U7-5
Added Net: Name=NetR11_1
Added Pin To Net: NetName=NetR19_1 Pin=R19-1
Added Net: Name=NetR19_1
Added Pin To Net: NetName=NetR19_2 Pin=R19-2
Added Pin To Net: NetName=NetR19_2 Pin=U8-1
Added Pin To Net: NetName=NetR19_2 Pin=U13-3
Added Net: Name=NetR19_2
Added Pin To Net: NetName=NetR20_1 Pin=R20-1
Added Net: Name=NetR20_1
Added Pin To Net: NetName=NetR20_2 Pin=R20-2
Added Pin To Net: NetName=NetR20_2 Pin=U9-1
Added Pin To Net: NetName=NetR20_2 Pin=U14-3
Added Net: Name=NetR20_2
Added Pin To Net: NetName=NetR21_1 Pin=R21-1
Added Net: Name=NetR21_1
Added Pin To Net: NetName=NetR21_2 Pin=R21-2
Added Pin To Net: NetName=NetR21_2 Pin=U10-1
Added Pin To Net: NetName=NetR21_2 Pin=U15-3
Added Net: Name=NetR21_2
Added Pin To Net: NetName=NetR22_1 Pin=R22-1
Added Net: Name=NetR22_1
Added Pin To Net: NetName=NetR22_2 Pin=R22-2
Added Pin To Net: NetName=NetR22_2 Pin=U11-1
Added Pin To Net: NetName=NetR22_2 Pin=U16-3
Added Net: Name=NetR22_2
Added Pin To Net: NetName=NetR23_1 Pin=R23-1
Added Net: Name=NetR23_1
Added Pin To Net: NetName=NetR23_2 Pin=R23-2
Added Pin To Net: NetName=NetR23_2 Pin=U12-1
Added Pin To Net: NetName=NetR23_2 Pin=U17-3
Added Net: Name=NetR23_2
Added Pin To Net: NetName=NetR24_2 Pin=R24-2
Added Pin To Net: NetName=NetR24_2 Pin=U8-2
Added Pin To Net: NetName=NetR24_2 Pin=U13-1
Added Net: Name=NetR24_2
Added Pin To Net: NetName=NetR25_2 Pin=R25-2
Added Pin To Net: NetName=NetR25_2 Pin=U9-2
Added Pin To Net: NetName=NetR25_2 Pin=U14-1
Added Net: Name=NetR25_2
Added Pin To Net: NetName=NetR26_2 Pin=R26-2
Added Pin To Net: NetName=NetR26_2 Pin=U10-2
Added Pin To Net: NetName=NetR26_2 Pin=U15-1
Added Net: Name=NetR26_2
Added Pin To Net: NetName=NetR27_2 Pin=R27-2
Added Pin To Net: NetName=NetR27_2 Pin=U11-2
Added Pin To Net: NetName=NetR27_2 Pin=U16-1
Added Net: Name=NetR27_2
Added Pin To Net: NetName=NetR28_2 Pin=R28-2
Added Pin To Net: NetName=NetR28_2 Pin=U12-2
Added Pin To Net: NetName=NetR28_2 Pin=U17-1
Added Net: Name=NetR28_2
Added Pin To Net: NetName=NetR31_1 Pin=R31-1
Added Net: Name=NetR31_1
Added Pin To Net: NetName=NetR31_2 Pin=R31-2
Added Pin To Net: NetName=NetR31_2 Pin=U18-1
Added Pin To Net: NetName=NetR31_2 Pin=U20-3
Added Net: Name=NetR31_2
Added Pin To Net: NetName=NetR32_1 Pin=R32-1
Added Net: Name=NetR32_1
Added Pin To Net: NetName=NetR32_2 Pin=R32-2
Added Pin To Net: NetName=NetR32_2 Pin=U19-1
Added Pin To Net: NetName=NetR32_2 Pin=U21-3
Added Net: Name=NetR32_2
Added Pin To Net: NetName=NetR33_2 Pin=R33-2
Added Pin To Net: NetName=NetR33_2 Pin=U18-2
Added Pin To Net: NetName=NetR33_2 Pin=U20-1
Added Net: Name=NetR33_2
Added Pin To Net: NetName=NetR34_2 Pin=R34-2
Added Pin To Net: NetName=NetR34_2 Pin=U19-2
Added Pin To Net: NetName=NetR34_2 Pin=U21-1
Added Net: Name=NetR34_2
Added Pin To Net: NetName=NetSens Left_4 Pin=Sens Left-4
Added Pin To Net: NetName=NetSens Left_4 Pin=U3-3
Added Net: Name=NetSens Left_4
Added Pin To Net: NetName=NetSensor Right_4 Pin=Sensor Right-4
Added Pin To Net: NetName=NetSensor Right_4 Pin=U4-3
Added Net: Name=NetSensor Right_4
Added Pin To Net: NetName=NetU3_1 Pin=U3-1
Added Pin To Net: NetName=NetU3_1 Pin=U5-3
Added Net: Name=NetU3_1
Added Pin To Net: NetName=NetU4_1 Pin=U4-1
Added Pin To Net: NetName=NetU4_1 Pin=U6-3
Added Net: Name=NetU4_1
Added Member To Class: ClassName=Alim sch projet robot Member=Component C1 CAP_POL
Added Member To Class: ClassName=Alim sch projet robot Member=Component C2 CAP_POL
Added Member To Class: ClassName=Alim sch projet robot Member=Component C3 CAP_POL
Added Member To Class: ClassName=Alim sch projet robot Member=Component C4 CAP_POL
Added Member To Class: ClassName=Driver Ligne 2 Member=Component C5 CAP
Added Member To Class: ClassName=Driver Ligne 2 Member=Component C6 CAP
Added Member To Class: ClassName=Driver Ligne 2 Member=Component C7 CAP
Added Member To Class: ClassName=Driver Ligne 2 Member=Component C8 CAP
Added Member To Class: ClassName=Driver Ligne 2 Member=Component C9 CAP
Added Member To Class: ClassName=Driver Ligne 2 Member=Component C10 CAP
Added Member To Class: ClassName=Driver Ligne 2 Member=Component C11 CAP
Added Member To Class: ClassName=Schema chargeur USB projet robot Member=Component C12 CAP_POL
Added Member To Class: ClassName=Schema chargeur USB projet robot Member=Component C13 CAP_POL
Added Member To Class: ClassName=CarteTxCapteurDistance 2 Member=Component C14 CAP
Added Member To Class: ClassName=CarteTxCapteurDistance 2 Member=Component C15 CAP
Added Member To Class: ClassName=CarteTxCapteurDistance 2 Member=Component C16 CAP
Added Member To Class: ClassName=CarteTxCapteurDistance 2 Member=Component C17 CAP
Added Member To Class: ClassName=CarteTxCapteurDistance 2 Member=Component C18 CAP
Added Member To Class: ClassName=CarteTxCapteurDistance 2 Member=Component C19 CAP
Added Member To Class: ClassName=Alim sch projet robot Member=Component D1 SS32
Added Member To Class: ClassName=Alim sch projet robot Member=Component D2 SS32
Added Member To Class: ClassName=CarteTxCapteurDistance 2 Member=Component infrared
Added Member To Class: ClassName=Alim sch projet robot Member=Component L1 56uH
Added Member To Class: ClassName=Alim sch projet robot Member=Component L2 56uH
Added Member To Class: ClassName=Schema chargeur USB projet robot Member=Component LD1 comment
Added Member To Class: ClassName=Schema chargeur USB projet robot Member=Component LED1 comment
Added Member To Class: ClassName=CarteTxCapteurDistance 2 Member=Component LedRgbWs2812b
Added Member To Class: ClassName=Alim sch projet robot Member=Component R1 RES
Added Member To Class: ClassName=Alim sch projet robot Member=Component R2 RES
Added Member To Class: ClassName=Alim sch projet robot Member=Component R3 RES
Added Member To Class: ClassName=Alim sch projet robot Member=Component R4 RES
Added Member To Class: ClassName=Driver Ligne 2 Member=Component R5 RES
Added Member To Class: ClassName=Driver Ligne 2 Member=Component R6 RES
Added Member To Class: ClassName=Driver Ligne 2 Member=Component R7 RES
Added Member To Class: ClassName=Driver Ligne 2 Member=Component R8 RES
Added Member To Class: ClassName=Driver Ligne 2 Member=Component R9 RES
Added Member To Class: ClassName=Driver Ligne 2 Member=Component R10 RES
Added Member To Class: ClassName=Schema chargeur USB projet robot Member=Component R11 RES
Added Member To Class: ClassName=Schema chargeur USB projet robot Member=Component R12 RES
Added Member To Class: ClassName=Schema chargeur USB projet robot Member=Component R13 RES
Added Member To Class: ClassName=CarteTxCapteurDistance 2 Member=Component R14 RES
Added Member To Class: ClassName=CarteTxCapteurDistance 2 Member=Component R15 RES
Added Member To Class: ClassName=CarteTxCapteurDistance 2 Member=Component R16 RES
Added Member To Class: ClassName=CarteTxCapteurDistance 2 Member=Component R17 RES
Added Member To Class: ClassName=CarteTxCapteurDistance 2 Member=Component R18 RES
Added Member To Class: ClassName=CarteTxCapteurDistance 2 Member=Component R19 RES
Added Member To Class: ClassName=CarteTxCapteurDistance 2 Member=Component R20 RES
Added Member To Class: ClassName=CarteTxCapteurDistance 2 Member=Component R21 RES
Added Member To Class: ClassName=CarteTxCapteurDistance 2 Member=Component R22 RES
Added Member To Class: ClassName=CarteTxCapteurDistance 2 Member=Component R23 RES
Added Member To Class: ClassName=CarteTxCapteurDistance 2 Member=Component R24 RES
Added Member To Class: ClassName=CarteTxCapteurDistance 2 Member=Component R25 RES
Added Member To Class: ClassName=CarteTxCapteurDistance 2 Member=Component R26 RES
Added Member To Class: ClassName=CarteTxCapteurDistance 2 Member=Component R27 RES
Added Member To Class: ClassName=CarteTxCapteurDistance 2 Member=Component R28 RES
Added Member To Class: ClassName=CarteTxCapteurDistance 2 Member=Component R29 RES
Added Member To Class: ClassName=CarteTxCapteurDistance 2 Member=Component R30 RES
Added Member To Class: ClassName=CarteTxCapteurDistance 2 Member=Component R31 RES
Added Member To Class: ClassName=CarteTxCapteurDistance 2 Member=Component R32 RES
Added Member To Class: ClassName=CarteTxCapteurDistance 2 Member=Component R33 RES
Added Member To Class: ClassName=CarteTxCapteurDistance 2 Member=Component R34 RES
Added Member To Class: ClassName=Driver Ligne 2 Member=Component Sens Left TCRT5000
Added Member To Class: ClassName=Driver Ligne 2 Member=Component Sensor Right TCRT5000
Added Member To Class: ClassName=Alim sch projet robot Member=Component U1 LM2731
Added Member To Class: ClassName=Alim sch projet robot Member=Component U2 LM2731
Added Member To Class: ClassName=Driver Ligne 2 Member=Component U3 Transistors
Added Member To Class: ClassName=Driver Ligne 2 Member=Component U4 Transistors
Added Member To Class: ClassName=Driver Ligne 2 Member=Component U5 Transistors
Added Member To Class: ClassName=Driver Ligne 2 Member=Component U6 Transistors
Added Member To Class: ClassName=Schema chargeur USB projet robot Member=Component U7 MCP73831
Added Member To Class: ClassName=CarteTxCapteurDistance 2 Member=Component U8 Transistors
Added Member To Class: ClassName=CarteTxCapteurDistance 2 Member=Component U9 Transistors
Added Member To Class: ClassName=CarteTxCapteurDistance 2 Member=Component U10 Transistors
Added Member To Class: ClassName=CarteTxCapteurDistance 2 Member=Component U11 Transistors
Added Member To Class: ClassName=CarteTxCapteurDistance 2 Member=Component U12 Transistors
Added Member To Class: ClassName=CarteTxCapteurDistance 2 Member=Component U13 Transistors
Added Member To Class: ClassName=CarteTxCapteurDistance 2 Member=Component U14 Transistors
Added Member To Class: ClassName=CarteTxCapteurDistance 2 Member=Component U15 Transistors
Added Member To Class: ClassName=CarteTxCapteurDistance 2 Member=Component U16 Transistors
Added Member To Class: ClassName=CarteTxCapteurDistance 2 Member=Component U17 Transistors
Added Member To Class: ClassName=CarteTxCapteurDistance 2 Member=Component U18 Transistors
Added Member To Class: ClassName=CarteTxCapteurDistance 2 Member=Component U19 Transistors
Added Member To Class: ClassName=CarteTxCapteurDistance 2 Member=Component U20 Transistors
Added Member To Class: ClassName=CarteTxCapteurDistance 2 Member=Component U21 Transistors
