Added Component: Designator=C1(RB.1/.2)
Added Component: Designator=C2(RB.1/.2)
Added Component: Designator=C3(RB.1/.2)
Added Component: Designator=C4(RB.1/.2)
Added Component: Designator=C5(0805)
Added Component: Designator=C6(0805)
Added Component: Designator=C7(0805)
Added Component: Designator=C8(0805)
Added Component: Designator=C9(0805)
Added Component: Designator=C10(0805)
Added Component: Designator=C11(0805)
Added Component: Designator=C12(RB.1/.2)
Added Component: Designator=C13(RB.1/.2)
Added Component: Designator=C14(0805)
Added Component: Designator=C15(0805)
Added Component: Designator=C16(0805)
Added Component: Designator=C17(0805)
Added Component: Designator=C18(0805)
Added Component: Designator=C19(0805)
Added Component: Designator=C20(0805)
Added Component: Designator=C21(0805)
Added Component: Designator=D1(Schottly Diode SS32 footprint)
Added Component: Designator=D2(Schottly Diode SS32 footprint)
Added Component: Designator=D3(Diode MULTICOMP SS16)
Added Component: Designator=D4(Diode MULTICOMP SS16)
Added Component: Designator=D5(Diode MULTICOMP SS16)
Added Component: Designator=D6(Diode MULTICOMP SS16)
Added Component: Designator=D7(Diode MULTICOMP SS16)
Added Component: Designator=D8(Diode MULTICOMP SS16)
Added Component: Designator=D9(Diode MULTICOMP SS16)
Added Component: Designator=D10(Diode MULTICOMP SS16)
Added Component: Designator=L1(1050)
Added Component: Designator=L2(1050)
Added Component: Designator=LD1(LED0805)
Added Component: Designator=LED1(LED0805)
Added Component: Designator=Motor 1(HDR1X2)
Added Component: Designator=Motor 2(HDR1X2)
Added Component: Designator=R1(0805)
Added Component: Designator=R2(0805)
Added Component: Designator=R3(0805)
Added Component: Designator=R4(0805)
Added Component: Designator=R5(0805)
Added Component: Designator=R6(0805)
Added Component: Designator=R7(0805)
Added Component: Designator=R8(0805)
Added Component: Designator=R9(0805)
Added Component: Designator=R10(0805)
Added Component: Designator=R11(0805)
Added Component: Designator=R12(0805)
Added Component: Designator=R13(0805)
Added Component: Designator=R14(0805)
Added Component: Designator=R15(0805)
Added Component: Designator=R16(0805)
Added Component: Designator=R17(0805)
Added Component: Designator=R18(0805)
Added Component: Designator=R19(0805)
Added Component: Designator=R20(0805)
Added Component: Designator=R21(0805)
Added Component: Designator=R22(0805)
Added Component: Designator=R23(0805)
Added Component: Designator=R24(0805)
Added Component: Designator=R25(0805)
Added Component: Designator=R26(0805)
Added Component: Designator=R27(0805)
Added Component: Designator=R28(0805)
Added Component: Designator=R29(0805)
Added Component: Designator=R30(0805)
Added Component: Designator=R31(0805)
Added Component: Designator=R32(0805)
Added Component: Designator=R33(0805)
Added Component: Designator=R34(0805)
Added Component: Designator=Sens Left1(TCRT5000 Droit)
Added Component: Designator=Sensor Right1(TCRT5000 Droit)
Added Component: Designator=U1(LM2731 footprint)
Added Component: Designator=U2(LM2731 footprint)
Added Component: Designator=U3(BC817-40)
Added Component: Designator=U4(BC817-40)
Added Component: Designator=U5(BC817-40)
Added Component: Designator=U6(BC817-40)
Added Component: Designator=U7(MCP73831)
Added Component: Designator=U8(Infrared)
Added Component: Designator=U9(Infrared)
Added Component: Designator=U10(Infrared)
Added Component: Designator=U11(Infrared)
Added Component: Designator=U12(Infrared)
Added Component: Designator=U13(BC817-40)
Added Component: Designator=U14(BC817-40)
Added Component: Designator=U15(BC817-40)
Added Component: Designator=U16(BC817-40)
Added Component: Designator=U17(BC817-40)
Added Component: Designator=U18(BC817-40)
Added Component: Designator=U19(BC817-40)
Added Component: Designator=U20(BC817-40)
Added Component: Designator=U21(BC817-40)
Added Component: Designator=U22(BC817-40)
Added Component: Designator=U23(Infrared)
Added Component: Designator=U24(Infrared)
Added Component: Designator=U25(BC817-40)
Added Component: Designator=U26(BC817-40)
Added Component: Designator=U27(BC817-40)
Added Component: Designator=U28(BC817-40)
Added Component: Designator=U29(LedRgbWs2812b)
Added Component: Designator=U30(LedRgbWs2812b)
Added Component: Designator=U31(LedRgbWs2812b)
Added Component: Designator=U32(LedRgbWs2812b)
Added Component: Designator=U33(LedRgbWs2812b)
Added Component: Designator=U34(LedRgbWs2812b)
Added Component: Designator=U35(LedRgbWs2812b)
Added Component: Designator=U36(LedRgbWs2812b)
Added Component: Designator=U37(LedRgbWs2812b)
Added Component: Designator=U38(LedRgbWs2812b)
Added Component: Designator=U39(L293NE)
Added Pin To Net: NetName=NetC1_1 Pin=C1-1
Added Pin To Net: NetName=GND Pin=C1-2
Added Pin To Net: NetName=GND Pin=C2-2
Added Pin To Net: NetName=NetC1_1 Pin=C3-1
Added Pin To Net: NetName=GND Pin=C3-2
Added Pin To Net: NetName=VCC Pin=C4-1
Added Pin To Net: NetName=GND Pin=C4-2
Added Pin To Net: NetName=GND Pin=C5-1
Added Pin To Net: NetName=VCC5V Pin=C5-2
Added Pin To Net: NetName=GND Pin=C6-1
Added Pin To Net: NetName=VCC5V Pin=C6-2
Added Pin To Net: NetName=GND Pin=C7-1
Added Pin To Net: NetName=VCC5V Pin=C7-2
Added Pin To Net: NetName=VCC5V Pin=C8-1
Added Pin To Net: NetName=GND Pin=C8-2
Added Pin To Net: NetName=VCC5V Pin=C9-1
Added Pin To Net: NetName=GND Pin=C9-2
Added Pin To Net: NetName=NetC10_1 Pin=C10-1
Added Pin To Net: NetName=GND Pin=C10-2
Added Pin To Net: NetName=NetC11_1 Pin=C11-1
Added Pin To Net: NetName=GND Pin=C11-2
Added Pin To Net: NetName=NetC12_1 Pin=C12-1
Added Pin To Net: NetName=GND Pin=C12-2
Added Pin To Net: NetName=NetC13_1 Pin=C13-1
Added Pin To Net: NetName=GND Pin=C13-2
Added Pin To Net: NetName=VCC Pin=C14-1
Added Pin To Net: NetName=GND Pin=C14-2
Added Pin To Net: NetName=VCC Pin=C15-1
Added Pin To Net: NetName=GND Pin=C15-2
Added Pin To Net: NetName=VCC Pin=C16-1
Added Pin To Net: NetName=GND Pin=C16-2
Added Pin To Net: NetName=VCC Pin=C17-1
Added Pin To Net: NetName=GND Pin=C17-2
Added Pin To Net: NetName=VCC Pin=C18-1
Added Pin To Net: NetName=GND Pin=C18-2
Added Pin To Net: NetName=VCC Pin=C19-1
Added Pin To Net: NetName=GND Pin=C19-2
Added Pin To Net: NetName=GND Pin=C20-1
Added Pin To Net: NetName=VCC Pin=C20-2
Added Pin To Net: NetName=GND Pin=C21-2
Added Pin To Net: NetName=NetD1_2 Pin=D1-2
Added Pin To Net: NetName=VCC Pin=D2-1
Added Pin To Net: NetName=NetD2_2 Pin=D2-2
Added Pin To Net: NetName=GND Pin=D5-1
Added Pin To Net: NetName=GND Pin=D6-1
Added Pin To Net: NetName=GND Pin=D7-1
Added Pin To Net: NetName=GND Pin=D8-1
Added Pin To Net: NetName=NetC1_1 Pin=L1-1
Added Pin To Net: NetName=NetD1_2 Pin=L1-2
Added Pin To Net: NetName=NetC1_1 Pin=L2-1
Added Pin To Net: NetName=NetD2_2 Pin=L2-2
Added Pin To Net: NetName=NetC12_1 Pin=LD1-A
Added Pin To Net: NetName=NetLD1_K Pin=LD1-K
Added Pin To Net: NetName=NetLED1_A Pin=LED1-A
Added Pin To Net: NetName=NetLED1_K Pin=LED1-K
Added Pin To Net: NetName=NetR1_1 Pin=R1-1
Added Pin To Net: NetName=GND Pin=R2-1
Added Pin To Net: NetName=NetR1_1 Pin=R2-2
Added Pin To Net: NetName=NetR3_1 Pin=R3-1
Added Pin To Net: NetName=VCC Pin=R3-2
Added Pin To Net: NetName=GND Pin=R4-1
Added Pin To Net: NetName=NetR3_1 Pin=R4-2
Added Pin To Net: NetName=NetC10_1 Pin=R5-1
Added Pin To Net: NetName=VCC5V Pin=R5-2
Added Pin To Net: NetName=NetC11_1 Pin=R6-1
Added Pin To Net: NetName=VCC5V Pin=R6-2
Added Pin To Net: NetName=NetR7_1 Pin=R7-1
Added Pin To Net: NetName=NetR8_1 Pin=R8-1
Added Pin To Net: NetName=GND Pin=R9-1
Added Pin To Net: NetName=NetR9_2 Pin=R9-2
Added Pin To Net: NetName=GND Pin=R10-1
Added Pin To Net: NetName=NetR10_2 Pin=R10-2
Added Pin To Net: NetName=NetR11_1 Pin=R11-1
Added Pin To Net: NetName=GND Pin=R11-2
Added Pin To Net: NetName=NetLD1_K Pin=R12-1
Added Pin To Net: NetName=NetLED1_A Pin=R12-2
Added Pin To Net: NetName=NetLED1_K Pin=R13-1
Added Pin To Net: NetName=GND Pin=R13-2
Added Pin To Net: NetName=GND Pin=R14-2
Added Pin To Net: NetName=GND Pin=R15-2
Added Pin To Net: NetName=GND Pin=R16-2
Added Pin To Net: NetName=GND Pin=R17-2
Added Pin To Net: NetName=GND Pin=R18-2
Added Pin To Net: NetName=NetR19_1 Pin=R19-1
Added Pin To Net: NetName=NetR19_2 Pin=R19-2
Added Pin To Net: NetName=NetR20_1 Pin=R20-1
Added Pin To Net: NetName=NetR20_2 Pin=R20-2
Added Pin To Net: NetName=NetR21_1 Pin=R21-1
Added Pin To Net: NetName=NetR21_2 Pin=R21-2
Added Pin To Net: NetName=NetR22_1 Pin=R22-1
Added Pin To Net: NetName=NetR22_2 Pin=R22-2
Added Pin To Net: NetName=NetR23_1 Pin=R23-1
Added Pin To Net: NetName=NetR23_2 Pin=R23-2
Added Pin To Net: NetName=GND Pin=R24-1
Added Pin To Net: NetName=NetR24_2 Pin=R24-2
Added Pin To Net: NetName=GND Pin=R25-1
Added Pin To Net: NetName=NetR25_2 Pin=R25-2
Added Pin To Net: NetName=GND Pin=R26-1
Added Pin To Net: NetName=NetR26_2 Pin=R26-2
Added Pin To Net: NetName=GND Pin=R27-1
Added Pin To Net: NetName=NetR27_2 Pin=R27-2
Added Pin To Net: NetName=GND Pin=R28-1
Added Pin To Net: NetName=NetR28_2 Pin=R28-2
Added Pin To Net: NetName=GND Pin=R29-2
Added Pin To Net: NetName=GND Pin=R30-2
Added Pin To Net: NetName=NetR31_1 Pin=R31-1
Added Pin To Net: NetName=NetR31_2 Pin=R31-2
Added Pin To Net: NetName=NetR32_1 Pin=R32-1
Added Pin To Net: NetName=NetR32_2 Pin=R32-2
Added Pin To Net: NetName=GND Pin=R33-1
Added Pin To Net: NetName=NetR33_2 Pin=R33-2
Added Pin To Net: NetName=GND Pin=R34-1
Added Pin To Net: NetName=NetR34_2 Pin=R34-2
Added Pin To Net: NetName=NetC10_1 Pin=Sens Left1-1
Added Pin To Net: NetName=VCC5V Pin=Sens Left1-2
Added Pin To Net: NetName=GND Pin=Sens Left1-3
Added Pin To Net: NetName=NetC11_1 Pin=Sensor Right1-1
Added Pin To Net: NetName=VCC5V Pin=Sensor Right1-2
Added Pin To Net: NetName=GND Pin=Sensor Right1-3
Added Pin To Net: NetName=NetD1_2 Pin=U1-1
Added Pin To Net: NetName=GND Pin=U1-2
Added Pin To Net: NetName=NetR1_1 Pin=U1-3
Added Pin To Net: NetName=NetC1_1 Pin=U1-4
Added Pin To Net: NetName=NetC1_1 Pin=U1-5
Added Pin To Net: NetName=NetD2_2 Pin=U2-1
Added Pin To Net: NetName=GND Pin=U2-2
Added Pin To Net: NetName=NetR3_1 Pin=U2-3
Added Pin To Net: NetName=NetC1_1 Pin=U2-4
Added Pin To Net: NetName=NetC1_1 Pin=U2-5
Added Pin To Net: NetName=NetU3_1 Pin=U3-1
Added Pin To Net: NetName=NetR9_2 Pin=U3-2
Added Pin To Net: NetName=NetU4_1 Pin=U4-1
Added Pin To Net: NetName=NetR10_2 Pin=U4-2
Added Pin To Net: NetName=NetR9_2 Pin=U5-1
Added Pin To Net: NetName=GND Pin=U5-2
Added Pin To Net: NetName=NetU3_1 Pin=U5-3
Added Pin To Net: NetName=NetR10_2 Pin=U6-1
Added Pin To Net: NetName=GND Pin=U6-2
Added Pin To Net: NetName=NetU4_1 Pin=U6-3
Added Pin To Net: NetName=NetLED1_A Pin=U7-1
Added Pin To Net: NetName=GND Pin=U7-2
Added Pin To Net: NetName=NetC13_1 Pin=U7-3
Added Pin To Net: NetName=NetC12_1 Pin=U7-4
Added Pin To Net: NetName=NetR11_1 Pin=U7-5
Added Pin To Net: NetName=VCC Pin=U8-VCC
Added Pin To Net: NetName=VCC Pin=U8-VCC
Added Pin To Net: NetName=VCC Pin=U9-VCC
Added Pin To Net: NetName=VCC Pin=U9-VCC
Added Pin To Net: NetName=VCC Pin=U10-VCC
Added Pin To Net: NetName=VCC Pin=U10-VCC
Added Pin To Net: NetName=VCC Pin=U11-VCC
Added Pin To Net: NetName=VCC Pin=U11-VCC
Added Pin To Net: NetName=VCC Pin=U12-VCC
Added Pin To Net: NetName=VCC Pin=U12-VCC
Added Pin To Net: NetName=NetR19_2 Pin=U13-1
Added Pin To Net: NetName=NetR24_2 Pin=U13-2
Added Pin To Net: NetName=NetR20_2 Pin=U14-1
Added Pin To Net: NetName=NetR25_2 Pin=U14-2
Added Pin To Net: NetName=NetR21_2 Pin=U15-1
Added Pin To Net: NetName=NetR26_2 Pin=U15-2
Added Pin To Net: NetName=NetR22_2 Pin=U16-1
Added Pin To Net: NetName=NetR27_2 Pin=U16-2
Added Pin To Net: NetName=NetR23_2 Pin=U17-1
Added Pin To Net: NetName=NetR28_2 Pin=U17-2
Added Pin To Net: NetName=NetR24_2 Pin=U18-1
Added Pin To Net: NetName=GND Pin=U18-2
Added Pin To Net: NetName=NetR19_2 Pin=U18-3
Added Pin To Net: NetName=NetR25_2 Pin=U19-1
Added Pin To Net: NetName=GND Pin=U19-2
Added Pin To Net: NetName=NetR20_2 Pin=U19-3
Added Pin To Net: NetName=NetR26_2 Pin=U20-1
Added Pin To Net: NetName=GND Pin=U20-2
Added Pin To Net: NetName=NetR21_2 Pin=U20-3
Added Pin To Net: NetName=NetR27_2 Pin=U21-1
Added Pin To Net: NetName=GND Pin=U21-2
Added Pin To Net: NetName=NetR22_2 Pin=U21-3
Added Pin To Net: NetName=NetR28_2 Pin=U22-1
Added Pin To Net: NetName=GND Pin=U22-2
Added Pin To Net: NetName=NetR23_2 Pin=U22-3
Added Pin To Net: NetName=VCC Pin=U23-VCC
Added Pin To Net: NetName=VCC Pin=U23-VCC
Added Pin To Net: NetName=VCC Pin=U24-VCC
Added Pin To Net: NetName=VCC Pin=U24-VCC
Added Pin To Net: NetName=NetR31_2 Pin=U25-1
Added Pin To Net: NetName=NetR33_2 Pin=U25-2
Added Pin To Net: NetName=NetR32_2 Pin=U26-1
Added Pin To Net: NetName=NetR34_2 Pin=U26-2
Added Pin To Net: NetName=NetR33_2 Pin=U27-1
Added Pin To Net: NetName=GND Pin=U27-2
Added Pin To Net: NetName=NetR31_2 Pin=U27-3
Added Pin To Net: NetName=NetR34_2 Pin=U28-1
Added Pin To Net: NetName=GND Pin=U28-2
Added Pin To Net: NetName=NetR32_2 Pin=U28-3
Added Pin To Net: NetName=VCC Pin=U29-VCC
Added Pin To Net: NetName=VCC Pin=U30-VCC
Added Pin To Net: NetName=VCC Pin=U31-VCC
Added Pin To Net: NetName=VCC Pin=U32-VCC
Added Pin To Net: NetName=VCC Pin=U33-VCC
Added Pin To Net: NetName=GND Pin=U34-GND
Added Pin To Net: NetName=VCC Pin=U34-VCC
Added Pin To Net: NetName=GND Pin=U35-GND
Added Pin To Net: NetName=VCC Pin=U35-VCC
Added Pin To Net: NetName=GND Pin=U36-GND
Added Pin To Net: NetName=VCC Pin=U36-VCC
Added Pin To Net: NetName=GND Pin=U37-GND
Added Pin To Net: NetName=VCC Pin=U37-VCC
Added Pin To Net: NetName=GND Pin=U38-GND
Added Pin To Net: NetName=VCC Pin=U38-VCC
Added Pin To Net: NetName=GND Pin=U39-4
Added Pin To Net: NetName=GND Pin=U39-5
Added Pin To Net: NetName=VCC Pin=U39-9
Added Pin To Net: NetName=GND Pin=U39-12
Added Pin To Net: NetName=GND Pin=U39-13
Added Pin To Net: NetName=NetD3_1 Pin=D3-1
Added Pin To Net: NetName=NetD3_1 Pin=Motor 1-2
Added Pin To Net: NetName=NetD3_1 Pin=U39-3
Added Net: Name=NetD3_1
Added Pin To Net: NetName=NetD4_1 Pin=D4-1
Added Pin To Net: NetName=NetD4_1 Pin=D6-2
Added Pin To Net: NetName=NetD4_1 Pin=Motor 2-1
Added Pin To Net: NetName=NetD4_1 Pin=U39-11
Added Net: Name=NetD4_1
Added Pin To Net: NetName=NetD7_2 Pin=D7-2
Added Pin To Net: NetName=NetD7_2 Pin=D9-1
Added Pin To Net: NetName=NetD7_2 Pin=Motor 1-1
Added Pin To Net: NetName=NetD7_2 Pin=U39-6
Added Net: Name=NetD7_2
Added Pin To Net: NetName=NetD8_2 Pin=D8-2
Added Pin To Net: NetName=NetD8_2 Pin=D10-1
Added Pin To Net: NetName=NetD8_2 Pin=Motor 2-2
Added Pin To Net: NetName=NetD8_2 Pin=U39-14
Added Net: Name=NetD8_2
Added Pin To Net: NetName=NetR14_1 Pin=R14-1
Added Pin To Net: NetName=NetR14_1 Pin=U8-gndReceiver
Added Net: Name=NetR14_1
Added Pin To Net: NetName=NetR15_1 Pin=R15-1
Added Pin To Net: NetName=NetR15_1 Pin=U9-gndReceiver
Added Net: Name=NetR15_1
Added Pin To Net: NetName=NetR16_1 Pin=R16-1
Added Pin To Net: NetName=NetR16_1 Pin=U10-gndReceiver
Added Net: Name=NetR16_1
Added Pin To Net: NetName=NetR17_1 Pin=R17-1
Added Pin To Net: NetName=NetR17_1 Pin=U11-gndReceiver
Added Net: Name=NetR17_1
Added Pin To Net: NetName=NetR18_1 Pin=R18-1
Added Pin To Net: NetName=NetR18_1 Pin=U12-gndReceiver
Added Net: Name=NetR18_1
Added Pin To Net: NetName=NetR29_1 Pin=R29-1
Added Pin To Net: NetName=NetR29_1 Pin=U23-gndReceiver
Added Net: Name=NetR29_1
Added Pin To Net: NetName=NetR30_1 Pin=R30-1
Added Pin To Net: NetName=NetR30_1 Pin=U24-gndReceiver
Added Net: Name=NetR30_1
Added Pin To Net: NetName=NetSens Left1_4 Pin=Sens Left1-4
Added Pin To Net: NetName=NetSens Left1_4 Pin=U3-3
Added Net: Name=NetSens Left1_4
Added Pin To Net: NetName=NetSensor Right1_4 Pin=Sensor Right1-4
Added Pin To Net: NetName=NetSensor Right1_4 Pin=U4-3
Added Net: Name=NetSensor Right1_4
Added Pin To Net: NetName=NetU8_gndEmitter Pin=U8-gndEmitter
Added Pin To Net: NetName=NetU8_gndEmitter Pin=U13-3
Added Net: Name=NetU8_gndEmitter
Added Pin To Net: NetName=NetU9_gndEmitter Pin=U9-gndEmitter
Added Pin To Net: NetName=NetU9_gndEmitter Pin=U14-3
Added Net: Name=NetU9_gndEmitter
Added Pin To Net: NetName=NetU10_gndEmitter Pin=U10-gndEmitter
Added Pin To Net: NetName=NetU10_gndEmitter Pin=U15-3
Added Net: Name=NetU10_gndEmitter
Added Pin To Net: NetName=NetU11_gndEmitter Pin=U11-gndEmitter
Added Pin To Net: NetName=NetU11_gndEmitter Pin=U16-3
Added Net: Name=NetU11_gndEmitter
Added Pin To Net: NetName=NetU12_gndEmitter Pin=U12-gndEmitter
Added Pin To Net: NetName=NetU12_gndEmitter Pin=U17-3
Added Net: Name=NetU12_gndEmitter
Added Pin To Net: NetName=NetU23_gndEmitter Pin=U23-gndEmitter
Added Pin To Net: NetName=NetU23_gndEmitter Pin=U25-3
Added Net: Name=NetU23_gndEmitter
Added Pin To Net: NetName=NetU24_gndEmitter Pin=U24-gndEmitter
Added Pin To Net: NetName=NetU24_gndEmitter Pin=U26-3
Added Net: Name=NetU24_gndEmitter
Added Pin To Net: NetName=NetU29_din Pin=U29-din
Added Net: Name=NetU29_din
Added Pin To Net: NetName=NetU29_dout Pin=U29-dout
Added Pin To Net: NetName=NetU29_dout Pin=U30-din
Added Net: Name=NetU29_dout
Added Pin To Net: NetName=NetU29_GND Pin=U29-GND
Added Pin To Net: NetName=NetU29_GND Pin=U30-GND
Added Pin To Net: NetName=NetU29_GND Pin=U31-GND
Added Pin To Net: NetName=NetU29_GND Pin=U32-GND
Added Pin To Net: NetName=NetU29_GND Pin=U33-GND
Added Net: Name=NetU29_GND
Added Pin To Net: NetName=NetU30_dout Pin=U30-dout
Added Pin To Net: NetName=NetU30_dout Pin=U31-din
Added Net: Name=NetU30_dout
Added Pin To Net: NetName=NetU31_dout Pin=U31-dout
Added Pin To Net: NetName=NetU31_dout Pin=U32-din
Added Net: Name=NetU31_dout
Added Pin To Net: NetName=NetU32_dout Pin=U32-dout
Added Pin To Net: NetName=NetU32_dout Pin=U33-din
Added Net: Name=NetU32_dout
Added Pin To Net: NetName=NetU34_din Pin=U34-din
Added Net: Name=NetU34_din
Added Pin To Net: NetName=NetU34_dout Pin=U34-dout
Added Pin To Net: NetName=NetU34_dout Pin=U35-din
Added Net: Name=NetU34_dout
Added Pin To Net: NetName=NetU35_dout Pin=U35-dout
Added Pin To Net: NetName=NetU35_dout Pin=U36-din
Added Net: Name=NetU35_dout
Added Pin To Net: NetName=NetU36_dout Pin=U36-dout
Added Pin To Net: NetName=NetU36_dout Pin=U37-din
Added Net: Name=NetU36_dout
Added Pin To Net: NetName=NetU37_dout Pin=U37-dout
Added Pin To Net: NetName=NetU37_dout Pin=U38-din
Added Net: Name=NetU37_dout
Added Pin To Net: NetName=NetU39_1 Pin=U39-1
Added Net: Name=NetU39_1
Added Pin To Net: NetName=NetU39_2 Pin=U39-2
Added Net: Name=NetU39_2
Added Pin To Net: NetName=NetU39_7 Pin=U39-7
Added Net: Name=NetU39_7
Added Pin To Net: NetName=NetU39_10 Pin=U39-10
Added Pin To Net: NetName=NetU39_10 Pin=U39-15
Added Net: Name=NetU39_10
Added Pin To Net: NetName=NetU39_16 Pin=U39-16
Added Net: Name=NetU39_16
Added Pin To Net: NetName=VCC 8V Pin=C2-1
Added Pin To Net: NetName=VCC 8V Pin=C21-1
Added Pin To Net: NetName=VCC 8V Pin=D1-1
Added Pin To Net: NetName=VCC 8V Pin=D4-2
Added Pin To Net: NetName=VCC 8V Pin=D9-2
Added Pin To Net: NetName=VCC 8V Pin=D10-2
Added Pin To Net: NetName=VCC 8V Pin=R1-2
Added Pin To Net: NetName=VCC 8V Pin=U39-8
Added Net: Name=VCC 8V
Added Class: Name=CarteTxMoteur
Added Member To Class: ClassName=Alim sch projet robot Member=Component C1 CAP_POL
Added Member To Class: ClassName=Alim sch projet robot Member=Component C2 CAP_POL
Added Member To Class: ClassName=Alim sch projet robot Member=Component C3 CAP_POL
Added Member To Class: ClassName=Alim sch projet robot Member=Component C4 CAP_POL
Added Member To Class: ClassName=Driver Ligne 2 Member=Component C5 CAP
Added Member To Class: ClassName=Driver Ligne 2 Member=Component C6 CAP
Added Member To Class: ClassName=Driver Ligne 2 Member=Component C7 CAP
Added Member To Class: ClassName=Driver Ligne 2 Member=Component C8 CAP
Added Member To Class: ClassName=Driver Ligne 2 Member=Component C9 CAP
Added Member To Class: ClassName=Driver Ligne 2 Member=Component C10 CAP
Added Member To Class: ClassName=Driver Ligne 2 Member=Component C11 CAP
Added Member To Class: ClassName=Schema chargeur USB projet robot Member=Component C12 CAP_POL
Added Member To Class: ClassName=Schema chargeur USB projet robot Member=Component C13 CAP_POL
Added Member To Class: ClassName=CarteTxCapteurDistance 2 Member=Component C14 CAP
Added Member To Class: ClassName=CarteTxCapteurDistance 2 Member=Component C15 CAP
Added Member To Class: ClassName=CarteTxCapteurDistance 2 Member=Component C16 CAP
Added Member To Class: ClassName=CarteTxCapteurDistance 2 Member=Component C17 CAP
Added Member To Class: ClassName=CarteTxCapteurDistance 2 Member=Component C18 CAP
Added Member To Class: ClassName=CarteTxCapteurDistance 2 Member=Component C19 CAP
Added Member To Class: ClassName=Alim sch projet robot Member=Component D1 SS32
Added Member To Class: ClassName=Alim sch projet robot Member=Component D2 SS32
Added Member To Class: ClassName=Alim sch projet robot Member=Component L1 56uH
Added Member To Class: ClassName=Alim sch projet robot Member=Component L2 56uH
Added Member To Class: ClassName=Schema chargeur USB projet robot Member=Component LD1 comment
Added Member To Class: ClassName=Schema chargeur USB projet robot Member=Component LED1 comment
Added Member To Class: ClassName=Alim sch projet robot Member=Component R1 RES
Added Member To Class: ClassName=Alim sch projet robot Member=Component R2 RES
Added Member To Class: ClassName=Alim sch projet robot Member=Component R3 RES
Added Member To Class: ClassName=Alim sch projet robot Member=Component R4 RES
Added Member To Class: ClassName=Driver Ligne 2 Member=Component R5 RES
Added Member To Class: ClassName=Driver Ligne 2 Member=Component R6 RES
Added Member To Class: ClassName=Driver Ligne 2 Member=Component R7 RES
Added Member To Class: ClassName=Driver Ligne 2 Member=Component R8 RES
Added Member To Class: ClassName=Driver Ligne 2 Member=Component R9 RES
Added Member To Class: ClassName=Driver Ligne 2 Member=Component R10 RES
Added Member To Class: ClassName=Schema chargeur USB projet robot Member=Component R11 RES
Added Member To Class: ClassName=Schema chargeur USB projet robot Member=Component R12 RES
Added Member To Class: ClassName=Schema chargeur USB projet robot Member=Component R13 RES
Added Member To Class: ClassName=CarteTxCapteurDistance 2 Member=Component R14 RES
Added Member To Class: ClassName=CarteTxCapteurDistance 2 Member=Component R15 RES
Added Member To Class: ClassName=CarteTxCapteurDistance 2 Member=Component R16 RES
Added Member To Class: ClassName=CarteTxCapteurDistance 2 Member=Component R17 RES
Added Member To Class: ClassName=CarteTxCapteurDistance 2 Member=Component R18 RES
Added Member To Class: ClassName=CarteTxCapteurDistance 2 Member=Component R19 RES
Added Member To Class: ClassName=CarteTxCapteurDistance 2 Member=Component R20 RES
Added Member To Class: ClassName=CarteTxCapteurDistance 2 Member=Component R21 RES
Added Member To Class: ClassName=CarteTxCapteurDistance 2 Member=Component R22 RES
Added Member To Class: ClassName=CarteTxCapteurDistance 2 Member=Component R23 RES
Added Member To Class: ClassName=CarteTxCapteurDistance 2 Member=Component R24 RES
Added Member To Class: ClassName=CarteTxCapteurDistance 2 Member=Component R25 RES
Added Member To Class: ClassName=CarteTxCapteurDistance 2 Member=Component R26 RES
Added Member To Class: ClassName=CarteTxCapteurDistance 2 Member=Component R27 RES
Added Member To Class: ClassName=CarteTxCapteurDistance 2 Member=Component R28 RES
Added Member To Class: ClassName=CarteTxCapteurDistance 2 Member=Component R29 RES
Added Member To Class: ClassName=CarteTxCapteurDistance 2 Member=Component R30 RES
Added Member To Class: ClassName=CarteTxCapteurDistance 2 Member=Component R31 RES
Added Member To Class: ClassName=CarteTxCapteurDistance 2 Member=Component R32 RES
Added Member To Class: ClassName=CarteTxCapteurDistance 2 Member=Component R33 RES
Added Member To Class: ClassName=CarteTxCapteurDistance 2 Member=Component R34 RES
Added Member To Class: ClassName=Driver Ligne 2 Member=Component Sens Left1 TCRT5000
Added Member To Class: ClassName=Driver Ligne 2 Member=Component Sensor Right1 TCRT5000
Added Member To Class: ClassName=Alim sch projet robot Member=Component U1 LM2731
Added Member To Class: ClassName=Alim sch projet robot Member=Component U2 LM2731
Added Member To Class: ClassName=Driver Ligne 2 Member=Component U3 Transistors
Added Member To Class: ClassName=Driver Ligne 2 Member=Component U4 Transistors
Added Member To Class: ClassName=Driver Ligne 2 Member=Component U5 Transistors
Added Member To Class: ClassName=Driver Ligne 2 Member=Component U6 Transistors
Added Member To Class: ClassName=Schema chargeur USB projet robot Member=Component U7 MCP73831
Added Member To Class: ClassName=CarteTxCapteurDistance 2 Member=Component U8 infrared
Added Member To Class: ClassName=CarteTxCapteurDistance 2 Member=Component U9 infrared
Added Member To Class: ClassName=CarteTxCapteurDistance 2 Member=Component U10 infrared
Added Member To Class: ClassName=CarteTxCapteurDistance 2 Member=Component U11 infrared
Added Member To Class: ClassName=CarteTxCapteurDistance 2 Member=Component U12 infrared
Added Member To Class: ClassName=CarteTxCapteurDistance 2 Member=Component U13 Transistors
Added Member To Class: ClassName=CarteTxCapteurDistance 2 Member=Component U14 Transistors
Added Member To Class: ClassName=CarteTxCapteurDistance 2 Member=Component U15 Transistors
Added Member To Class: ClassName=CarteTxCapteurDistance 2 Member=Component U16 Transistors
Added Member To Class: ClassName=CarteTxCapteurDistance 2 Member=Component U17 Transistors
Added Member To Class: ClassName=CarteTxCapteurDistance 2 Member=Component U18 Transistors
Added Member To Class: ClassName=CarteTxCapteurDistance 2 Member=Component U19 Transistors
Added Member To Class: ClassName=CarteTxCapteurDistance 2 Member=Component U20 Transistors
Added Member To Class: ClassName=CarteTxCapteurDistance 2 Member=Component U21 Transistors
Added Member To Class: ClassName=CarteTxCapteurDistance 2 Member=Component U22 Transistors
Added Member To Class: ClassName=CarteTxCapteurDistance 2 Member=Component U23 infrared
Added Member To Class: ClassName=CarteTxCapteurDistance 2 Member=Component U24 infrared
Added Member To Class: ClassName=CarteTxCapteurDistance 2 Member=Component U25 Transistors
Added Member To Class: ClassName=CarteTxCapteurDistance 2 Member=Component U26 Transistors
Added Member To Class: ClassName=CarteTxCapteurDistance 2 Member=Component U27 Transistors
Added Member To Class: ClassName=CarteTxCapteurDistance 2 Member=Component U28 Transistors
Added Member To Class: ClassName=CarteTxCapteurDistance 2 Member=Component U29 LedRgbWs2812b
Added Member To Class: ClassName=CarteTxCapteurDistance 2 Member=Component U30 LedRgbWs2812b
Added Member To Class: ClassName=CarteTxCapteurDistance 2 Member=Component U31 LedRgbWs2812b
Added Member To Class: ClassName=CarteTxCapteurDistance 2 Member=Component U32 LedRgbWs2812b
Added Member To Class: ClassName=CarteTxCapteurDistance 2 Member=Component U33 LedRgbWs2812b
Added Member To Class: ClassName=CarteTxCapteurDistance 2 Member=Component U34 LedRgbWs2812b
Added Member To Class: ClassName=CarteTxCapteurDistance 2 Member=Component U35 LedRgbWs2812b
Added Member To Class: ClassName=CarteTxCapteurDistance 2 Member=Component U36 LedRgbWs2812b
Added Member To Class: ClassName=CarteTxCapteurDistance 2 Member=Component U37 LedRgbWs2812b
Added Member To Class: ClassName=CarteTxCapteurDistance 2 Member=Component U38 LedRgbWs2812b
Added Room: Name=CarteTxCapteurDistance 2
